============================= test session starts =============================
platform win32 -- Python 3.14.2, pytest-9.0.2, pluggy-1.6.0 -- C:\Python314\python.exe
cachedir: .pytest_cache
rootdir: C:\Users\Tommie-YV\edunexus\backend
configfile: pytest.ini
plugins: anyio-4.12.1, Faker-40.11.0, langsmith-0.7.22, asyncio-1.3.0, cov-7.1.0
asyncio: mode=Mode.AUTO, debug=False, asyncio_default_fixture_loop_scope=None, asyncio_default_test_loop_scope=function
collecting ... collected 100 items

tests/test_admin_integration.py::TestAdminEndpoints::test_get_users_requires_admin ERROR [  1%]
tests/test_admin_integration.py::TestAdminEndpoints::test_admin_can_list_users ERROR [  2%]
tests/test_admin_integration.py::TestAdminEndpoints::test_admin_usage_endpoint_protected ERROR [  3%]
tests/test_ai_coordinator.py::TestWhisperService::test_transcribe PASSED [  4%]
tests/test_ai_coordinator.py::TestWhisperService::test_transcribe_empty_audio PASSED [  5%]
tests/test_ai_coordinator.py::TestGroqService::test_generate_simple_prompt FAILED [  6%]
tests/test_ai_coordinator.py::TestGroqService::test_generate_with_system_prompt FAILED [  7%]
tests/test_ai_coordinator.py::TestGroqService::test_generate_with_parameters FAILED [  8%]
tests/test_ai_coordinator.py::TestYouTubeService::test_search_videos FAILED [  9%]
tests/test_ai_coordinator.py::TestAICoordinator::test_process_teacher_speech_with_explanation FAILED [ 10%]
tests/test_ai_coordinator.py::TestAICoordinator::test_process_teacher_speech_stt_disabled PASSED [ 11%]
tests/test_ai_coordinator.py::TestAICoordinator::test_generate_explanation FAILED [ 12%]
tests/test_ai_coordinator.py::TestAICoordinator::test_generate_explanation_with_personalization FAILED [ 13%]
tests/test_ai_coordinator.py::TestAICoordinator::test_analyze_complexity FAILED [ 14%]
tests/test_ai_coordinator.py::TestAICoordinator::test_suggest_videos FAILED [ 15%]
tests/test_ai_coordinator.py::TestAICoordinator::test_build_explanation_prompt PASSED [ 16%]
tests/test_ai_coordinator.py::TestAICoordinator::test_extract_local_examples PASSED [ 17%]
tests/test_ai_coordinator.py::TestExplanationTypes::test_concept_breakdown_explanation FAILED [ 18%]
tests/test_ai_coordinator.py::TestExplanationTypes::test_analogy_explanation FAILED [ 19%]
tests/test_ai_coordinator.py::TestExplanationTypes::test_simplified_explanation FAILED [ 20%]
tests/test_assignment_generator.py::TestAssignmentGenerator::test_generate_assignment FAILED [ 21%]
tests/test_assignment_generator.py::TestAssignmentGenerator::test_extract_concepts PASSED [ 22%]
tests/test_assignment_generator.py::TestAssignmentGenerator::test_calculate_avg_proficiency FAILED [ 23%]
tests/test_assignment_generator.py::TestAssignmentGenerator::test_difficulty_distribution_beginner PASSED [ 24%]
tests/test_assignment_generator.py::TestAssignmentGenerator::test_difficulty_distribution_intermediate PASSED [ 25%]
tests/test_assignment_generator.py::TestAssignmentGenerator::test_difficulty_distribution_advanced PASSED [ 26%]
tests/test_assignment_generator.py::TestAssignmentGenerator::test_bloom_distribution PASSED [ 27%]
tests/test_assignment_generator.py::TestAssignmentGenerator::test_personalize_assignment FAILED [ 28%]
tests/test_assignment_generator.py::TestAssignmentGenerator::test_create_fallback_questions PASSED [ 29%]
tests/test_assignment_generator.py::TestAssignmentGenerator::test_estimate_difficulty FAILED [ 30%]
tests/test_assignment_generator.py::TestAssignmentQuestion::test_question_creation PASSED [ 31%]
tests/test_assignment_generator.py::TestAssignmentQuestion::test_question_to_dict PASSED [ 32%]
tests/test_assignment_generator.py::TestQuestionTypes::test_multiple_choice_question ERROR [ 33%]
tests/test_assignment_generator.py::TestQuestionTypes::test_problem_solving_question ERROR [ 34%]
tests/test_assignment_generator.py::TestQuestionTypes::test_essay_question ERROR [ 35%]
tests/test_assignment_generator.py::TestBloomTaxonomy::test_all_bloom_levels_exist PASSED [ 36%]
tests/test_assignment_generator.py::TestBloomTaxonomy::test_bloom_distribution_in_assignment ERROR [ 37%]
tests/test_auth_integration.py::TestRegistration::test_register_student ERROR [ 38%]
tests/test_auth_integration.py::TestRegistration::test_register_with_admin_role_rejected ERROR [ 39%]
tests/test_auth_integration.py::TestRegistration::test_duplicate_email_rejected ERROR [ 40%]
tests/test_auth_integration.py::TestLogin::test_unverified_user_cannot_login ERROR [ 41%]
tests/test_auth_integration.py::TestLogin::test_pending_user_cannot_login ERROR [ 42%]
tests/test_auth_integration.py::TestLogin::test_wrong_password_rejected ERROR [ 43%]
tests/test_engagement_tracker.py::TestEngagementMetrics::test_metrics_creation PASSED [ 44%]
tests/test_engagement_tracker.py::TestEngagementMetrics::test_engagement_status_calculation PASSED [ 45%]
tests/test_engagement_tracker.py::TestEngagementMetrics::test_add_alert PASSED [ 46%]
tests/test_engagement_tracker.py::TestEngagementMetrics::test_add_alert_limit PASSED [ 47%]
tests/test_engagement_tracker.py::TestEngagementMetrics::test_to_dict PASSED [ 48%]
tests/test_engagement_tracker.py::TestFaceDetectionService::test_detect_faces PASSED [ 49%]
tests/test_engagement_tracker.py::TestFaceDetectionService::test_detect_faces_empty_image PASSED [ 50%]
tests/test_engagement_tracker.py::TestGazeTrackingService::test_track_gaze PASSED [ 51%]
tests/test_engagement_tracker.py::TestEngagementTracker::test_start_and_stop_tracking PASSED [ 52%]
tests/test_engagement_tracker.py::TestEngagementTracker::test_register_student PASSED [ 53%]
tests/test_engagement_tracker.py::TestEngagementTracker::test_process_video_frame PASSED [ 54%]
tests/test_engagement_tracker.py::TestEngagementTracker::test_process_video_frame_no_face PASSED [ 55%]
tests/test_engagement_tracker.py::TestEngagementTracker::test_attention_score_calculation PASSED [ 56%]
tests/test_engagement_tracker.py::TestEngagementTracker::test_record_tab_switch PASSED [ 57%]
tests/test_engagement_tracker.py::TestEngagementTracker::test_record_participation PASSED [ 58%]
tests/test_engagement_tracker.py::TestEngagementTracker::test_generate_engagement_report PASSED [ 59%]
tests/test_engagement_tracker.py::TestEngagementTracker::test_engagement_distribution PASSED [ 60%]
tests/test_engagement_tracker.py::TestEngagementTracker::test_interventions_needed PASSED [ 61%]
tests/test_engagement_tracker.py::TestEngagementTracker::test_camera_mic_status_update PASSED [ 62%]
tests/test_engagement_tracker.py::TestEngagementTracker::test_attention_history PASSED [ 63%]
tests/test_engagement_tracker.py::TestAlertTypes::test_alerts_generated PASSED [ 64%]
tests/test_integration.py::TestCompleteTeachingWorkflow::test_complete_session_lifecycle ERROR [ 65%]
tests/test_integration.py::TestCompleteTeachingWorkflow::test_ai_explanation_workflow ERROR [ 66%]
tests/test_integration.py::TestCompleteTeachingWorkflow::test_engagement_alerts ERROR [ 67%]
tests/test_integration.py::TestCompleteTeachingWorkflow::test_assignment_personalization ERROR [ 68%]
tests/test_integration.py::TestErrorHandling::test_invalid_session_operations ERROR [ 69%]
tests/test_integration.py::TestErrorHandling::test_unauthorized_access ERROR [ 70%]
tests/test_session_manager.py::TestSessionManager::test_create_session ERROR [ 71%]
tests/test_session_manager.py::TestSessionManager::test_create_session_without_ai_config ERROR [ 72%]
tests/test_session_manager.py::TestSessionManager::test_start_session ERROR [ 73%]
tests/test_session_manager.py::TestSessionManager::test_cannot_start_non_scheduled_session ERROR [ 74%]
tests/test_session_manager.py::TestSessionManager::test_pause_and_resume_session ERROR [ 75%]
tests/test_session_manager.py::TestSessionManager::test_end_session ERROR [ 76%]
tests/test_session_manager.py::TestSessionManager::test_student_join_and_leave ERROR [ 77%]
tests/test_session_manager.py::TestSessionManager::test_get_teacher_sessions ERROR [ 78%]
tests/test_session_manager.py::TestSessionManager::test_context_building ERROR [ 79%]
tests/test_session_manager.py::TestSessionLifecycle::test_full_session_lifecycle ERROR [ 80%]
tests/test_session_manager.py::TestSessionValidation::test_session_not_found ERROR [ 81%]
tests/test_session_manager.py::TestSessionValidation::test_invalid_session_transition ERROR [ 82%]
tests/test_simple.py::test_simple PASSED                                 [ 83%]
tests/test_websocket_manager.py::TestWebSocketMessage::test_message_creation PASSED [ 84%]
tests/test_websocket_manager.py::TestWebSocketMessage::test_message_to_dict PASSED [ 85%]
tests/test_websocket_manager.py::TestWebSocketMessage::test_message_to_json PASSED [ 86%]
tests/test_websocket_manager.py::TestSessionRoom::test_add_connection PASSED [ 87%]
tests/test_websocket_manager.py::TestSessionRoom::test_add_multiple_connections PASSED [ 88%]
tests/test_websocket_manager.py::TestSessionRoom::test_remove_connection PASSED [ 89%]
tests/test_websocket_manager.py::TestSessionRoom::test_broadcast PASSED  [ 90%]
tests/test_websocket_manager.py::TestSessionRoom::test_broadcast_to_students PASSED [ 91%]
tests/test_websocket_manager.py::TestSessionRoom::test_send_to_teacher PASSED [ 92%]
tests/test_websocket_manager.py::TestSessionRoom::test_get_active_users PASSED [ 93%]
tests/test_websocket_manager.py::TestWebSocketManager::test_get_or_create_room PASSED [ 94%]
tests/test_websocket_manager.py::TestWebSocketManager::test_connect_teacher PASSED [ 95%]
tests/test_websocket_manager.py::TestWebSocketManager::test_disconnect PASSED [ 96%]
tests/test_websocket_manager.py::TestWebSocketManager::test_handle_chat_message PASSED [ 97%]
tests/test_websocket_manager.py::TestWebSocketManager::test_handle_raise_hand PASSED [ 98%]
tests/test_websocket_manager.py::TestMessageTypes::test_all_message_types_exist PASSED [ 99%]
tests/test_websocket_manager.py::TestMessageTypes::test_system_message_broadcast PASSED [100%]
ERROR: Coverage failure: total of 35 is less than fail-under=40


=================================== ERRORS ====================================
_____ ERROR at setup of TestAdminEndpoints.test_get_users_requires_admin ______
..\..\AppData\Roaming\Python\Python314\site-packages\sqlalchemy\dialects\postgresql\asyncpg.py:550: in _prepare_and_execute
    self._rows = deque(await prepared_stmt.fetch(*parameters))
                       ^^^^^^^^^^^^^^^^^^^^^^^^^^^^^^^^^^^^^^
..\..\AppData\Roaming\Python\Python314\site-packages\asyncpg\prepared_stmt.py:177: in fetch
    data = await self.__bind_execute(args, 0, timeout)
           ^^^^^^^^^^^^^^^^^^^^^^^^^^^^^^^^^^^^^^^^^^^
..\..\AppData\Roaming\Python\Python314\site-packages\asyncpg\prepared_stmt.py:268: in __bind_execute
    data, status, _ = await self.__do_execute(
..\..\AppData\Roaming\Python\Python314\site-packages\asyncpg\prepared_stmt.py:257: in __do_execute
    return await executor(protocol)
           ^^^^^^^^^^^^^^^^^^^^^^^^
asyncpg/protocol/protocol.pyx:205: in bind_execute
    ???
E   asyncpg.exceptions.UndefinedObjectError: type "vector" does not exist

The above exception was the direct cause of the following exception:
..\..\AppData\Roaming\Python\Python314\site-packages\sqlalchemy\engine\base.py:1967: in _exec_single_context
    self.dialect.do_execute(
..\..\AppData\Roaming\Python\Python314\site-packages\sqlalchemy\engine\default.py:952: in do_execute
    cursor.execute(statement, parameters)
..\..\AppData\Roaming\Python\Python314\site-packages\sqlalchemy\dialects\postgresql\asyncpg.py:585: in execute
    self._adapt_connection.await_(
..\..\AppData\Roaming\Python\Python314\site-packages\sqlalchemy\util\_concurrency_py3k.py:132: in await_only
    return current.parent.switch(awaitable)  # type: ignore[no-any-return,attr-defined] # noqa: E501
           ^^^^^^^^^^^^^^^^^^^^^^^^^^^^^^^^
..\..\AppData\Roaming\Python\Python314\site-packages\sqlalchemy\util\_concurrency_py3k.py:196: in greenlet_spawn
    value = await result
            ^^^^^^^^^^^^
..\..\AppData\Roaming\Python\Python314\site-packages\sqlalchemy\dialects\postgresql\asyncpg.py:563: in _prepare_and_execute
    self._handle_exception(error)
..\..\AppData\Roaming\Python\Python314\site-packages\sqlalchemy\dialects\postgresql\asyncpg.py:513: in _handle_exception
    self._adapt_connection._handle_exception(error)
..\..\AppData\Roaming\Python\Python314\site-packages\sqlalchemy\dialects\postgresql\asyncpg.py:797: in _handle_exception
    raise translated_error from error
E   sqlalchemy.dialects.postgresql.asyncpg.AsyncAdapt_asyncpg_dbapi.ProgrammingError: <class 'asyncpg.exceptions.UndefinedObjectError'>: type "vector" does not exist

The above exception was the direct cause of the following exception:
..\..\AppData\Roaming\Python\Python314\site-packages\pytest_asyncio\plugin.py:458: in setup
    return super().setup()
           ^^^^^^^^^^^^^^^
..\..\AppData\Roaming\Python\Python314\site-packages\pytest_asyncio\plugin.py:743: in pytest_fixture_setup
    hook_result = yield
                  ^^^^^
..\..\AppData\Roaming\Python\Python314\site-packages\pytest_asyncio\plugin.py:313: in _asyncgen_fixture_wrapper
    result = runner.run(setup(), context=context)
             ^^^^^^^^^^^^^^^^^^^^^^^^^^^^^^^^^^^^
C:\Python314\Lib\asyncio\runners.py:127: in run
    return self._loop.run_until_complete(task)
           ^^^^^^^^^^^^^^^^^^^^^^^^^^^^^^^^^^^
C:\Python314\Lib\asyncio\base_events.py:719: in run_until_complete
    return future.result()
           ^^^^^^^^^^^^^^^
..\..\AppData\Roaming\Python\Python314\site-packages\pytest_asyncio\plugin.py:309: in setup
    res = await gen_obj.__anext__()
          ^^^^^^^^^^^^^^^^^^^^^^^^^
tests\conftest.py:159: in test_engine
    await conn.run_sync(Base.metadata.create_all)
..\..\AppData\Roaming\Python\Python314\site-packages\sqlalchemy\ext\asyncio\engine.py:888: in run_sync
    return await greenlet_spawn(
..\..\AppData\Roaming\Python\Python314\site-packages\sqlalchemy\util\_concurrency_py3k.py:201: in greenlet_spawn
    result = context.throw(*sys.exc_info())
             ^^^^^^^^^^^^^^^^^^^^^^^^^^^^^^
..\..\AppData\Roaming\Python\Python314\site-packages\sqlalchemy\sql\schema.py:5928: in create_all
    bind._run_ddl_visitor(
..\..\AppData\Roaming\Python\Python314\site-packages\sqlalchemy\engine\base.py:2467: in _run_ddl_visitor
    ).traverse_single(element)
      ^^^^^^^^^^^^^^^^^^^^^^^^
..\..\AppData\Roaming\Python\Python314\site-packages\sqlalchemy\sql\visitors.py:661: in traverse_single
    return meth(obj, **kw)
           ^^^^^^^^^^^^^^^
..\..\AppData\Roaming\Python\Python314\site-packages\sqlalchemy\sql\ddl.py:984: in visit_metadata
    self.traverse_single(
..\..\AppData\Roaming\Python\Python314\site-packages\sqlalchemy\sql\visitors.py:661: in traverse_single
    return meth(obj, **kw)
           ^^^^^^^^^^^^^^^
..\..\AppData\Roaming\Python\Python314\site-packages\sqlalchemy\sql\ddl.py:1022: in visit_table
    )._invoke_with(self.connection)
      ^^^^^^^^^^^^^^^^^^^^^^^^^^^^^
..\..\AppData\Roaming\Python\Python314\site-packages\sqlalchemy\sql\ddl.py:321: in _invoke_with
    return bind.execute(self)
           ^^^^^^^^^^^^^^^^^^
..\..\AppData\Roaming\Python\Python314\site-packages\sqlalchemy\engine\base.py:1419: in execute
    return meth(
..\..\AppData\Roaming\Python\Python314\site-packages\sqlalchemy\sql\ddl.py:187: in _execute_on_connection
    return connection._execute_ddl(
..\..\AppData\Roaming\Python\Python314\site-packages\sqlalchemy\engine\base.py:1530: in _execute_ddl
    ret = self._execute_context(
..\..\AppData\Roaming\Python\Python314\site-packages\sqlalchemy\engine\base.py:1846: in _execute_context
    return self._exec_single_context(
..\..\AppData\Roaming\Python\Python314\site-packages\sqlalchemy\engine\base.py:1986: in _exec_single_context
    self._handle_dbapi_exception(
..\..\AppData\Roaming\Python\Python314\site-packages\sqlalchemy\engine\base.py:2363: in _handle_dbapi_exception
    raise sqlalchemy_exception.with_traceback(exc_info[2]) from e
..\..\AppData\Roaming\Python\Python314\site-packages\sqlalchemy\engine\base.py:1967: in _exec_single_context
    self.dialect.do_execute(
..\..\AppData\Roaming\Python\Python314\site-packages\sqlalchemy\engine\default.py:952: in do_execute
    cursor.execute(statement, parameters)
..\..\AppData\Roaming\Python\Python314\site-packages\sqlalchemy\dialects\postgresql\asyncpg.py:585: in execute
    self._adapt_connection.await_(
..\..\AppData\Roaming\Python\Python314\site-packages\sqlalchemy\util\_concurrency_py3k.py:132: in await_only
    return current.parent.switch(awaitable)  # type: ignore[no-any-return,attr-defined] # noqa: E501
           ^^^^^^^^^^^^^^^^^^^^^^^^^^^^^^^^
..\..\AppData\Roaming\Python\Python314\site-packages\sqlalchemy\util\_concurrency_py3k.py:196: in greenlet_spawn
    value = await result
            ^^^^^^^^^^^^
..\..\AppData\Roaming\Python\Python314\site-packages\sqlalchemy\dialects\postgresql\asyncpg.py:563: in _prepare_and_execute
    self._handle_exception(error)
..\..\AppData\Roaming\Python\Python314\site-packages\sqlalchemy\dialects\postgresql\asyncpg.py:513: in _handle_exception
    self._adapt_connection._handle_exception(error)
..\..\AppData\Roaming\Python\Python314\site-packages\sqlalchemy\dialects\postgresql\asyncpg.py:797: in _handle_exception
    raise translated_error from error
E   sqlalchemy.exc.ProgrammingError: (sqlalchemy.dialects.postgresql.asyncpg.ProgrammingError) <class 'asyncpg.exceptions.UndefinedObjectError'>: type "vector" does not exist
E   [SQL: 
E   CREATE TABLE material_chunks (
E   	id UUID NOT NULL, 
E   	material_id UUID NOT NULL, 
E   	content TEXT NOT NULL, 
E   	page_number INTEGER, 
E   	chunk_index INTEGER NOT NULL, 
E   	chunk_metadata JSONB, 
E   	embedding VECTOR(384), 
E   	search_vector TSVECTOR, 
E   	created_at TIMESTAMP WITH TIME ZONE DEFAULT now() NOT NULL, 
E   	PRIMARY KEY (id), 
E   	FOREIGN KEY(material_id) REFERENCES materials (id) ON DELETE CASCADE
E   )
E   
E   ]
E   (Background on this error at: https://sqlalche.me/e/20/f405)
_______ ERROR at setup of TestAdminEndpoints.test_admin_can_list_users ________
..\..\AppData\Roaming\Python\Python314\site-packages\sqlalchemy\dialects\postgresql\asyncpg.py:550: in _prepare_and_execute
    self._rows = deque(await prepared_stmt.fetch(*parameters))
                       ^^^^^^^^^^^^^^^^^^^^^^^^^^^^^^^^^^^^^^
..\..\AppData\Roaming\Python\Python314\site-packages\asyncpg\prepared_stmt.py:177: in fetch
    data = await self.__bind_execute(args, 0, timeout)
           ^^^^^^^^^^^^^^^^^^^^^^^^^^^^^^^^^^^^^^^^^^^
..\..\AppData\Roaming\Python\Python314\site-packages\asyncpg\prepared_stmt.py:268: in __bind_execute
    data, status, _ = await self.__do_execute(
..\..\AppData\Roaming\Python\Python314\site-packages\asyncpg\prepared_stmt.py:257: in __do_execute
    return await executor(protocol)
           ^^^^^^^^^^^^^^^^^^^^^^^^
asyncpg/protocol/protocol.pyx:205: in bind_execute
    ???
E   asyncpg.exceptions.UndefinedObjectError: type "vector" does not exist

The above exception was the direct cause of the following exception:
..\..\AppData\Roaming\Python\Python314\site-packages\sqlalchemy\engine\base.py:1967: in _exec_single_context
    self.dialect.do_execute(
..\..\AppData\Roaming\Python\Python314\site-packages\sqlalchemy\engine\default.py:952: in do_execute
    cursor.execute(statement, parameters)
..\..\AppData\Roaming\Python\Python314\site-packages\sqlalchemy\dialects\postgresql\asyncpg.py:585: in execute
    self._adapt_connection.await_(
..\..\AppData\Roaming\Python\Python314\site-packages\sqlalchemy\util\_concurrency_py3k.py:132: in await_only
    return current.parent.switch(awaitable)  # type: ignore[no-any-return,attr-defined] # noqa: E501
           ^^^^^^^^^^^^^^^^^^^^^^^^^^^^^^^^
..\..\AppData\Roaming\Python\Python314\site-packages\sqlalchemy\util\_concurrency_py3k.py:196: in greenlet_spawn
    value = await result
            ^^^^^^^^^^^^
..\..\AppData\Roaming\Python\Python314\site-packages\sqlalchemy\dialects\postgresql\asyncpg.py:563: in _prepare_and_execute
    self._handle_exception(error)
..\..\AppData\Roaming\Python\Python314\site-packages\sqlalchemy\dialects\postgresql\asyncpg.py:513: in _handle_exception
    self._adapt_connection._handle_exception(error)
..\..\AppData\Roaming\Python\Python314\site-packages\sqlalchemy\dialects\postgresql\asyncpg.py:797: in _handle_exception
    raise translated_error from error
E   sqlalchemy.dialects.postgresql.asyncpg.AsyncAdapt_asyncpg_dbapi.ProgrammingError: <class 'asyncpg.exceptions.UndefinedObjectError'>: type "vector" does not exist

The above exception was the direct cause of the following exception:
..\..\AppData\Roaming\Python\Python314\site-packages\pytest_asyncio\plugin.py:458: in setup
    return super().setup()
           ^^^^^^^^^^^^^^^
..\..\AppData\Roaming\Python\Python314\site-packages\pytest_asyncio\plugin.py:313: in _asyncgen_fixture_wrapper
    result = runner.run(setup(), context=context)
             ^^^^^^^^^^^^^^^^^^^^^^^^^^^^^^^^^^^^
C:\Python314\Lib\asyncio\runners.py:127: in run
    return self._loop.run_until_complete(task)
           ^^^^^^^^^^^^^^^^^^^^^^^^^^^^^^^^^^^
C:\Python314\Lib\asyncio\base_events.py:719: in run_until_complete
    return future.result()
           ^^^^^^^^^^^^^^^
..\..\AppData\Roaming\Python\Python314\site-packages\pytest_asyncio\plugin.py:309: in setup
    res = await gen_obj.__anext__()
          ^^^^^^^^^^^^^^^^^^^^^^^^^
tests\conftest.py:159: in test_engine
    await conn.run_sync(Base.metadata.create_all)
..\..\AppData\Roaming\Python\Python314\site-packages\sqlalchemy\ext\asyncio\engine.py:888: in run_sync
    return await greenlet_spawn(
..\..\AppData\Roaming\Python\Python314\site-packages\sqlalchemy\util\_concurrency_py3k.py:201: in greenlet_spawn
    result = context.throw(*sys.exc_info())
             ^^^^^^^^^^^^^^^^^^^^^^^^^^^^^^
..\..\AppData\Roaming\Python\Python314\site-packages\sqlalchemy\sql\schema.py:5928: in create_all
    bind._run_ddl_visitor(
..\..\AppData\Roaming\Python\Python314\site-packages\sqlalchemy\engine\base.py:2467: in _run_ddl_visitor
    ).traverse_single(element)
      ^^^^^^^^^^^^^^^^^^^^^^^^
..\..\AppData\Roaming\Python\Python314\site-packages\sqlalchemy\sql\visitors.py:661: in traverse_single
    return meth(obj, **kw)
           ^^^^^^^^^^^^^^^
..\..\AppData\Roaming\Python\Python314\site-packages\sqlalchemy\sql\ddl.py:984: in visit_metadata
    self.traverse_single(
..\..\AppData\Roaming\Python\Python314\site-packages\sqlalchemy\sql\visitors.py:661: in traverse_single
    return meth(obj, **kw)
           ^^^^^^^^^^^^^^^
..\..\AppData\Roaming\Python\Python314\site-packages\sqlalchemy\sql\ddl.py:1022: in visit_table
    )._invoke_with(self.connection)
      ^^^^^^^^^^^^^^^^^^^^^^^^^^^^^
..\..\AppData\Roaming\Python\Python314\site-packages\sqlalchemy\sql\ddl.py:321: in _invoke_with
    return bind.execute(self)
           ^^^^^^^^^^^^^^^^^^
..\..\AppData\Roaming\Python\Python314\site-packages\sqlalchemy\engine\base.py:1419: in execute
    return meth(
..\..\AppData\Roaming\Python\Python314\site-packages\sqlalchemy\sql\ddl.py:187: in _execute_on_connection
    return connection._execute_ddl(
..\..\AppData\Roaming\Python\Python314\site-packages\sqlalchemy\engine\base.py:1530: in _execute_ddl
    ret = self._execute_context(
..\..\AppData\Roaming\Python\Python314\site-packages\sqlalchemy\engine\base.py:1846: in _execute_context
    return self._exec_single_context(
..\..\AppData\Roaming\Python\Python314\site-packages\sqlalchemy\engine\base.py:1986: in _exec_single_context
    self._handle_dbapi_exception(
..\..\AppData\Roaming\Python\Python314\site-packages\sqlalchemy\engine\base.py:2363: in _handle_dbapi_exception
    raise sqlalchemy_exception.with_traceback(exc_info[2]) from e
..\..\AppData\Roaming\Python\Python314\site-packages\sqlalchemy\engine\base.py:1967: in _exec_single_context
    self.dialect.do_execute(
..\..\AppData\Roaming\Python\Python314\site-packages\sqlalchemy\engine\default.py:952: in do_execute
    cursor.execute(statement, parameters)
..\..\AppData\Roaming\Python\Python314\site-packages\sqlalchemy\dialects\postgresql\asyncpg.py:585: in execute
    self._adapt_connection.await_(
..\..\AppData\Roaming\Python\Python314\site-packages\sqlalchemy\util\_concurrency_py3k.py:132: in await_only
    return current.parent.switch(awaitable)  # type: ignore[no-any-return,attr-defined] # noqa: E501
           ^^^^^^^^^^^^^^^^^^^^^^^^^^^^^^^^
..\..\AppData\Roaming\Python\Python314\site-packages\sqlalchemy\util\_concurrency_py3k.py:196: in greenlet_spawn
    value = await result
            ^^^^^^^^^^^^
..\..\AppData\Roaming\Python\Python314\site-packages\sqlalchemy\dialects\postgresql\asyncpg.py:563: in _prepare_and_execute
    self._handle_exception(error)
..\..\AppData\Roaming\Python\Python314\site-packages\sqlalchemy\dialects\postgresql\asyncpg.py:513: in _handle_exception
    self._adapt_connection._handle_exception(error)
..\..\AppData\Roaming\Python\Python314\site-packages\sqlalchemy\dialects\postgresql\asyncpg.py:797: in _handle_exception
    raise translated_error from error
E   sqlalchemy.exc.ProgrammingError: (sqlalchemy.dialects.postgresql.asyncpg.ProgrammingError) <class 'asyncpg.exceptions.UndefinedObjectError'>: type "vector" does not exist
E   [SQL: 
E   CREATE TABLE material_chunks (
E   	id UUID NOT NULL, 
E   	material_id UUID NOT NULL, 
E   	content TEXT NOT NULL, 
E   	page_number INTEGER, 
E   	chunk_index INTEGER NOT NULL, 
E   	chunk_metadata JSONB, 
E   	embedding VECTOR(384), 
E   	search_vector TSVECTOR, 
E   	created_at TIMESTAMP WITH TIME ZONE DEFAULT now() NOT NULL, 
E   	PRIMARY KEY (id), 
E   	FOREIGN KEY(material_id) REFERENCES materials (id) ON DELETE CASCADE
E   )
E   
E   ]
E   (Background on this error at: https://sqlalche.me/e/20/f405)
__ ERROR at setup of TestAdminEndpoints.test_admin_usage_endpoint_protected ___
..\..\AppData\Roaming\Python\Python314\site-packages\sqlalchemy\dialects\postgresql\asyncpg.py:550: in _prepare_and_execute
    self._rows = deque(await prepared_stmt.fetch(*parameters))
                       ^^^^^^^^^^^^^^^^^^^^^^^^^^^^^^^^^^^^^^
..\..\AppData\Roaming\Python\Python314\site-packages\asyncpg\prepared_stmt.py:177: in fetch
    data = await self.__bind_execute(args, 0, timeout)
           ^^^^^^^^^^^^^^^^^^^^^^^^^^^^^^^^^^^^^^^^^^^
..\..\AppData\Roaming\Python\Python314\site-packages\asyncpg\prepared_stmt.py:268: in __bind_execute
    data, status, _ = await self.__do_execute(
..\..\AppData\Roaming\Python\Python314\site-packages\asyncpg\prepared_stmt.py:257: in __do_execute
    return await executor(protocol)
           ^^^^^^^^^^^^^^^^^^^^^^^^
asyncpg/protocol/protocol.pyx:205: in bind_execute
    ???
E   asyncpg.exceptions.UndefinedObjectError: type "vector" does not exist

The above exception was the direct cause of the following exception:
..\..\AppData\Roaming\Python\Python314\site-packages\sqlalchemy\engine\base.py:1967: in _exec_single_context
    self.dialect.do_execute(
..\..\AppData\Roaming\Python\Python314\site-packages\sqlalchemy\engine\default.py:952: in do_execute
    cursor.execute(statement, parameters)
..\..\AppData\Roaming\Python\Python314\site-packages\sqlalchemy\dialects\postgresql\asyncpg.py:585: in execute
    self._adapt_connection.await_(
..\..\AppData\Roaming\Python\Python314\site-packages\sqlalchemy\util\_concurrency_py3k.py:132: in await_only
    return current.parent.switch(awaitable)  # type: ignore[no-any-return,attr-defined] # noqa: E501
           ^^^^^^^^^^^^^^^^^^^^^^^^^^^^^^^^
..\..\AppData\Roaming\Python\Python314\site-packages\sqlalchemy\util\_concurrency_py3k.py:196: in greenlet_spawn
    value = await result
            ^^^^^^^^^^^^
..\..\AppData\Roaming\Python\Python314\site-packages\sqlalchemy\dialects\postgresql\asyncpg.py:563: in _prepare_and_execute
    self._handle_exception(error)
..\..\AppData\Roaming\Python\Python314\site-packages\sqlalchemy\dialects\postgresql\asyncpg.py:513: in _handle_exception
    self._adapt_connection._handle_exception(error)
..\..\AppData\Roaming\Python\Python314\site-packages\sqlalchemy\dialects\postgresql\asyncpg.py:797: in _handle_exception
    raise translated_error from error
E   sqlalchemy.dialects.postgresql.asyncpg.AsyncAdapt_asyncpg_dbapi.ProgrammingError: <class 'asyncpg.exceptions.UndefinedObjectError'>: type "vector" does not exist

The above exception was the direct cause of the following exception:
..\..\AppData\Roaming\Python\Python314\site-packages\pytest_asyncio\plugin.py:458: in setup
    return super().setup()
           ^^^^^^^^^^^^^^^
..\..\AppData\Roaming\Python\Python314\site-packages\pytest_asyncio\plugin.py:313: in _asyncgen_fixture_wrapper
    result = runner.run(setup(), context=context)
             ^^^^^^^^^^^^^^^^^^^^^^^^^^^^^^^^^^^^
C:\Python314\Lib\asyncio\runners.py:127: in run
    return self._loop.run_until_complete(task)
           ^^^^^^^^^^^^^^^^^^^^^^^^^^^^^^^^^^^
C:\Python314\Lib\asyncio\base_events.py:719: in run_until_complete
    return future.result()
           ^^^^^^^^^^^^^^^
..\..\AppData\Roaming\Python\Python314\site-packages\pytest_asyncio\plugin.py:309: in setup
    res = await gen_obj.__anext__()
          ^^^^^^^^^^^^^^^^^^^^^^^^^
tests\conftest.py:159: in test_engine
    await conn.run_sync(Base.metadata.create_all)
..\..\AppData\Roaming\Python\Python314\site-packages\sqlalchemy\ext\asyncio\engine.py:888: in run_sync
    return await greenlet_spawn(
..\..\AppData\Roaming\Python\Python314\site-packages\sqlalchemy\util\_concurrency_py3k.py:201: in greenlet_spawn
    result = context.throw(*sys.exc_info())
             ^^^^^^^^^^^^^^^^^^^^^^^^^^^^^^
..\..\AppData\Roaming\Python\Python314\site-packages\sqlalchemy\sql\schema.py:5928: in create_all
    bind._run_ddl_visitor(
..\..\AppData\Roaming\Python\Python314\site-packages\sqlalchemy\engine\base.py:2467: in _run_ddl_visitor
    ).traverse_single(element)
      ^^^^^^^^^^^^^^^^^^^^^^^^
..\..\AppData\Roaming\Python\Python314\site-packages\sqlalchemy\sql\visitors.py:661: in traverse_single
    return meth(obj, **kw)
           ^^^^^^^^^^^^^^^
..\..\AppData\Roaming\Python\Python314\site-packages\sqlalchemy\sql\ddl.py:984: in visit_metadata
    self.traverse_single(
..\..\AppData\Roaming\Python\Python314\site-packages\sqlalchemy\sql\visitors.py:661: in traverse_single
    return meth(obj, **kw)
           ^^^^^^^^^^^^^^^
..\..\AppData\Roaming\Python\Python314\site-packages\sqlalchemy\sql\ddl.py:1022: in visit_table
    )._invoke_with(self.connection)
      ^^^^^^^^^^^^^^^^^^^^^^^^^^^^^
..\..\AppData\Roaming\Python\Python314\site-packages\sqlalchemy\sql\ddl.py:321: in _invoke_with
    return bind.execute(self)
           ^^^^^^^^^^^^^^^^^^
..\..\AppData\Roaming\Python\Python314\site-packages\sqlalchemy\engine\base.py:1419: in execute
    return meth(
..\..\AppData\Roaming\Python\Python314\site-packages\sqlalchemy\sql\ddl.py:187: in _execute_on_connection
    return connection._execute_ddl(
..\..\AppData\Roaming\Python\Python314\site-packages\sqlalchemy\engine\base.py:1530: in _execute_ddl
    ret = self._execute_context(
..\..\AppData\Roaming\Python\Python314\site-packages\sqlalchemy\engine\base.py:1846: in _execute_context
    return self._exec_single_context(
..\..\AppData\Roaming\Python\Python314\site-packages\sqlalchemy\engine\base.py:1986: in _exec_single_context
    self._handle_dbapi_exception(
..\..\AppData\Roaming\Python\Python314\site-packages\sqlalchemy\engine\base.py:2363: in _handle_dbapi_exception
    raise sqlalchemy_exception.with_traceback(exc_info[2]) from e
..\..\AppData\Roaming\Python\Python314\site-packages\sqlalchemy\engine\base.py:1967: in _exec_single_context
    self.dialect.do_execute(
..\..\AppData\Roaming\Python\Python314\site-packages\sqlalchemy\engine\default.py:952: in do_execute
    cursor.execute(statement, parameters)
..\..\AppData\Roaming\Python\Python314\site-packages\sqlalchemy\dialects\postgresql\asyncpg.py:585: in execute
    self._adapt_connection.await_(
..\..\AppData\Roaming\Python\Python314\site-packages\sqlalchemy\util\_concurrency_py3k.py:132: in await_only
    return current.parent.switch(awaitable)  # type: ignore[no-any-return,attr-defined] # noqa: E501
           ^^^^^^^^^^^^^^^^^^^^^^^^^^^^^^^^
..\..\AppData\Roaming\Python\Python314\site-packages\sqlalchemy\util\_concurrency_py3k.py:196: in greenlet_spawn
    value = await result
            ^^^^^^^^^^^^
..\..\AppData\Roaming\Python\Python314\site-packages\sqlalchemy\dialects\postgresql\asyncpg.py:563: in _prepare_and_execute
    self._handle_exception(error)
..\..\AppData\Roaming\Python\Python314\site-packages\sqlalchemy\dialects\postgresql\asyncpg.py:513: in _handle_exception
    self._adapt_connection._handle_exception(error)
..\..\AppData\Roaming\Python\Python314\site-packages\sqlalchemy\dialects\postgresql\asyncpg.py:797: in _handle_exception
    raise translated_error from error
E   sqlalchemy.exc.ProgrammingError: (sqlalchemy.dialects.postgresql.asyncpg.ProgrammingError) <class 'asyncpg.exceptions.UndefinedObjectError'>: type "vector" does not exist
E   [SQL: 
E   CREATE TABLE material_chunks (
E   	id UUID NOT NULL, 
E   	material_id UUID NOT NULL, 
E   	content TEXT NOT NULL, 
E   	page_number INTEGER, 
E   	chunk_index INTEGER NOT NULL, 
E   	chunk_metadata JSONB, 
E   	embedding VECTOR(384), 
E   	search_vector TSVECTOR, 
E   	created_at TIMESTAMP WITH TIME ZONE DEFAULT now() NOT NULL, 
E   	PRIMARY KEY (id), 
E   	FOREIGN KEY(material_id) REFERENCES materials (id) ON DELETE CASCADE
E   )
E   
E   ]
E   (Background on this error at: https://sqlalche.me/e/20/f405)
______ ERROR at setup of TestQuestionTypes.test_multiple_choice_question ______
file C:\Users\Tommie-YV\edunexus\backend\tests\test_assignment_generator.py, line 262
      async def test_multiple_choice_question(self, mock_session):
          """Test MCQ generation"""
          # Arrange
          generator = AssignmentGenerator()

          # Act
          question = await generator.regenerate_question(
              concept="Quadratic Equations",
              difficulty="medium",
              bloom_level=BloomLevel.UNDERSTAND,
              question_type=QuestionType.MULTIPLE_CHOICE
          )

          # Assert
          assert question.question_type == QuestionType.MULTIPLE_CHOICE
          assert len(question.options) > 0
          assert question.correct_answer is not None
E       fixture 'mock_session' not found
>       available fixtures: _class_scoped_runner, _function_scoped_runner, _module_scoped_runner, _package_scoped_runner, _session_faker, _session_scoped_runner, anyio_backend, anyio_backend_name, anyio_backend_options, cache, capfd, capfdbinary, caplog, capsys, capsysbinary, capteesys, client, cov, db_engine, db_session, db_session_async, doctest_namespace, event_loop, event_loop_policy, faker, free_tcp_port, free_tcp_port_factory, free_udp_port, free_udp_port_factory, mock_audio_data, mock_student, mock_user, monkeypatch, no_cover, pytestconfig, record_property, record_testsuite_property, record_xml_attribute, recwarn, sample_session_data, sample_transcript, subtests, test_engine, tmp_path, tmp_path_factory, tmpdir, tmpdir_factory, unused_tcp_port, unused_tcp_port_factory, unused_udp_port, unused_udp_port_factory
>       use 'pytest --fixtures [testpath]' for help on them.

C:\Users\Tommie-YV\edunexus\backend\tests\test_assignment_generator.py:262
______ ERROR at setup of TestQuestionTypes.test_problem_solving_question ______
file C:\Users\Tommie-YV\edunexus\backend\tests\test_assignment_generator.py, line 280
      async def test_problem_solving_question(self, mock_session):
          """Test problem solving question"""
          # Arrange
          generator = AssignmentGenerator()

          # Act
          question = await generator.regenerate_question(
              concept="Algebra",
              difficulty="hard",
              bloom_level=BloomLevel.APPLY,
              question_type=QuestionType.PROBLEM_SOLVING
          )

          # Assert
          assert question.question_type == QuestionType.PROBLEM_SOLVING
          assert question.model_answer is not None
          assert question.rubric is not None
E       fixture 'mock_session' not found
>       available fixtures: _class_scoped_runner, _function_scoped_runner, _module_scoped_runner, _package_scoped_runner, _session_faker, _session_scoped_runner, anyio_backend, anyio_backend_name, anyio_backend_options, cache, capfd, capfdbinary, caplog, capsys, capsysbinary, capteesys, client, cov, db_engine, db_session, db_session_async, doctest_namespace, event_loop, event_loop_policy, faker, free_tcp_port, free_tcp_port_factory, free_udp_port, free_udp_port_factory, mock_audio_data, mock_student, mock_user, monkeypatch, no_cover, pytestconfig, record_property, record_testsuite_property, record_xml_attribute, recwarn, sample_session_data, sample_transcript, subtests, test_engine, tmp_path, tmp_path_factory, tmpdir, tmpdir_factory, unused_tcp_port, unused_tcp_port_factory, unused_udp_port, unused_udp_port_factory
>       use 'pytest --fixtures [testpath]' for help on them.

C:\Users\Tommie-YV\edunexus\backend\tests\test_assignment_generator.py:280
___________ ERROR at setup of TestQuestionTypes.test_essay_question ___________
file C:\Users\Tommie-YV\edunexus\backend\tests\test_assignment_generator.py, line 298
      async def test_essay_question(self, mock_session):
          """Test essay question"""
          # Arrange
          generator = AssignmentGenerator()

          # Act
          question = await generator.regenerate_question(
              concept="Climate Change",
              difficulty="medium",
              bloom_level=BloomLevel.EVALUATE,
              question_type=QuestionType.ESSAY
          )

          # Assert
          assert question.question_type == QuestionType.ESSAY
          assert question.points >= 5  # Essays worth more points
E       fixture 'mock_session' not found
>       available fixtures: _class_scoped_runner, _function_scoped_runner, _module_scoped_runner, _package_scoped_runner, _session_faker, _session_scoped_runner, anyio_backend, anyio_backend_name, anyio_backend_options, cache, capfd, capfdbinary, caplog, capsys, capsysbinary, capteesys, client, cov, db_engine, db_session, db_session_async, doctest_namespace, event_loop, event_loop_policy, faker, free_tcp_port, free_tcp_port_factory, free_udp_port, free_udp_port_factory, mock_audio_data, mock_student, mock_user, monkeypatch, no_cover, pytestconfig, record_property, record_testsuite_property, record_xml_attribute, recwarn, sample_session_data, sample_transcript, subtests, test_engine, tmp_path, tmp_path_factory, tmpdir, tmpdir_factory, unused_tcp_port, unused_tcp_port_factory, unused_udp_port, unused_udp_port_factory
>       use 'pytest --fixtures [testpath]' for help on them.

C:\Users\Tommie-YV\edunexus\backend\tests\test_assignment_generator.py:298
__ ERROR at setup of TestBloomTaxonomy.test_bloom_distribution_in_assignment __
file C:\Users\Tommie-YV\edunexus\backend\tests\test_assignment_generator.py, line 327
      async def test_bloom_distribution_in_assignment(self, mock_session):
          """Test that assignment covers multiple Bloom levels"""
          # Arrange
          generator = AssignmentGenerator()

          # Act
          assignment = await generator.generate_assignment(mock_session, 20)

          # Assert
          bloom_counts = {}
          for q in assignment.questions:
              level = q.bloom_level.value
              bloom_counts[level] = bloom_counts.get(level, 0) + 1

          # Should have questions from multiple levels
          assert len(bloom_counts) >= 3
E       fixture 'mock_session' not found
>       available fixtures: _class_scoped_runner, _function_scoped_runner, _module_scoped_runner, _package_scoped_runner, _session_faker, _session_scoped_runner, anyio_backend, anyio_backend_name, anyio_backend_options, cache, capfd, capfdbinary, caplog, capsys, capsysbinary, capteesys, client, cov, db_engine, db_session, db_session_async, doctest_namespace, event_loop, event_loop_policy, faker, free_tcp_port, free_tcp_port_factory, free_udp_port, free_udp_port_factory, mock_audio_data, mock_student, mock_user, monkeypatch, no_cover, pytestconfig, record_property, record_testsuite_property, record_xml_attribute, recwarn, sample_session_data, sample_transcript, subtests, test_engine, tmp_path, tmp_path_factory, tmpdir, tmpdir_factory, unused_tcp_port, unused_tcp_port_factory, unused_udp_port, unused_udp_port_factory
>       use 'pytest --fixtures [testpath]' for help on them.

C:\Users\Tommie-YV\edunexus\backend\tests\test_assignment_generator.py:327
__________ ERROR at setup of TestRegistration.test_register_student ___________
..\..\AppData\Roaming\Python\Python314\site-packages\sqlalchemy\dialects\postgresql\asyncpg.py:550: in _prepare_and_execute
    self._rows = deque(await prepared_stmt.fetch(*parameters))
                       ^^^^^^^^^^^^^^^^^^^^^^^^^^^^^^^^^^^^^^
..\..\AppData\Roaming\Python\Python314\site-packages\asyncpg\prepared_stmt.py:177: in fetch
    data = await self.__bind_execute(args, 0, timeout)
           ^^^^^^^^^^^^^^^^^^^^^^^^^^^^^^^^^^^^^^^^^^^
..\..\AppData\Roaming\Python\Python314\site-packages\asyncpg\prepared_stmt.py:268: in __bind_execute
    data, status, _ = await self.__do_execute(
..\..\AppData\Roaming\Python\Python314\site-packages\asyncpg\prepared_stmt.py:257: in __do_execute
    return await executor(protocol)
           ^^^^^^^^^^^^^^^^^^^^^^^^
asyncpg/protocol/protocol.pyx:205: in bind_execute
    ???
E   asyncpg.exceptions.UndefinedObjectError: type "vector" does not exist

The above exception was the direct cause of the following exception:
..\..\AppData\Roaming\Python\Python314\site-packages\sqlalchemy\engine\base.py:1967: in _exec_single_context
    self.dialect.do_execute(
..\..\AppData\Roaming\Python\Python314\site-packages\sqlalchemy\engine\default.py:952: in do_execute
    cursor.execute(statement, parameters)
..\..\AppData\Roaming\Python\Python314\site-packages\sqlalchemy\dialects\postgresql\asyncpg.py:585: in execute
    self._adapt_connection.await_(
..\..\AppData\Roaming\Python\Python314\site-packages\sqlalchemy\util\_concurrency_py3k.py:132: in await_only
    return current.parent.switch(awaitable)  # type: ignore[no-any-return,attr-defined] # noqa: E501
           ^^^^^^^^^^^^^^^^^^^^^^^^^^^^^^^^
..\..\AppData\Roaming\Python\Python314\site-packages\sqlalchemy\util\_concurrency_py3k.py:196: in greenlet_spawn
    value = await result
            ^^^^^^^^^^^^
..\..\AppData\Roaming\Python\Python314\site-packages\sqlalchemy\dialects\postgresql\asyncpg.py:563: in _prepare_and_execute
    self._handle_exception(error)
..\..\AppData\Roaming\Python\Python314\site-packages\sqlalchemy\dialects\postgresql\asyncpg.py:513: in _handle_exception
    self._adapt_connection._handle_exception(error)
..\..\AppData\Roaming\Python\Python314\site-packages\sqlalchemy\dialects\postgresql\asyncpg.py:797: in _handle_exception
    raise translated_error from error
E   sqlalchemy.dialects.postgresql.asyncpg.AsyncAdapt_asyncpg_dbapi.ProgrammingError: <class 'asyncpg.exceptions.UndefinedObjectError'>: type "vector" does not exist

The above exception was the direct cause of the following exception:
..\..\AppData\Roaming\Python\Python314\site-packages\pytest_asyncio\plugin.py:458: in setup
    return super().setup()
           ^^^^^^^^^^^^^^^
..\..\AppData\Roaming\Python\Python314\site-packages\pytest_asyncio\plugin.py:313: in _asyncgen_fixture_wrapper
    result = runner.run(setup(), context=context)
             ^^^^^^^^^^^^^^^^^^^^^^^^^^^^^^^^^^^^
C:\Python314\Lib\asyncio\runners.py:127: in run
    return self._loop.run_until_complete(task)
           ^^^^^^^^^^^^^^^^^^^^^^^^^^^^^^^^^^^
C:\Python314\Lib\asyncio\base_events.py:719: in run_until_complete
    return future.result()
           ^^^^^^^^^^^^^^^
..\..\AppData\Roaming\Python\Python314\site-packages\pytest_asyncio\plugin.py:309: in setup
    res = await gen_obj.__anext__()
          ^^^^^^^^^^^^^^^^^^^^^^^^^
tests\conftest.py:159: in test_engine
    await conn.run_sync(Base.metadata.create_all)
..\..\AppData\Roaming\Python\Python314\site-packages\sqlalchemy\ext\asyncio\engine.py:888: in run_sync
    return await greenlet_spawn(
..\..\AppData\Roaming\Python\Python314\site-packages\sqlalchemy\util\_concurrency_py3k.py:201: in greenlet_spawn
    result = context.throw(*sys.exc_info())
             ^^^^^^^^^^^^^^^^^^^^^^^^^^^^^^
..\..\AppData\Roaming\Python\Python314\site-packages\sqlalchemy\sql\schema.py:5928: in create_all
    bind._run_ddl_visitor(
..\..\AppData\Roaming\Python\Python314\site-packages\sqlalchemy\engine\base.py:2467: in _run_ddl_visitor
    ).traverse_single(element)
      ^^^^^^^^^^^^^^^^^^^^^^^^
..\..\AppData\Roaming\Python\Python314\site-packages\sqlalchemy\sql\visitors.py:661: in traverse_single
    return meth(obj, **kw)
           ^^^^^^^^^^^^^^^
..\..\AppData\Roaming\Python\Python314\site-packages\sqlalchemy\sql\ddl.py:984: in visit_metadata
    self.traverse_single(
..\..\AppData\Roaming\Python\Python314\site-packages\sqlalchemy\sql\visitors.py:661: in traverse_single
    return meth(obj, **kw)
           ^^^^^^^^^^^^^^^
..\..\AppData\Roaming\Python\Python314\site-packages\sqlalchemy\sql\ddl.py:1022: in visit_table
    )._invoke_with(self.connection)
      ^^^^^^^^^^^^^^^^^^^^^^^^^^^^^
..\..\AppData\Roaming\Python\Python314\site-packages\sqlalchemy\sql\ddl.py:321: in _invoke_with
    return bind.execute(self)
           ^^^^^^^^^^^^^^^^^^
..\..\AppData\Roaming\Python\Python314\site-packages\sqlalchemy\engine\base.py:1419: in execute
    return meth(
..\..\AppData\Roaming\Python\Python314\site-packages\sqlalchemy\sql\ddl.py:187: in _execute_on_connection
    return connection._execute_ddl(
..\..\AppData\Roaming\Python\Python314\site-packages\sqlalchemy\engine\base.py:1530: in _execute_ddl
    ret = self._execute_context(
..\..\AppData\Roaming\Python\Python314\site-packages\sqlalchemy\engine\base.py:1846: in _execute_context
    return self._exec_single_context(
..\..\AppData\Roaming\Python\Python314\site-packages\sqlalchemy\engine\base.py:1986: in _exec_single_context
    self._handle_dbapi_exception(
..\..\AppData\Roaming\Python\Python314\site-packages\sqlalchemy\engine\base.py:2363: in _handle_dbapi_exception
    raise sqlalchemy_exception.with_traceback(exc_info[2]) from e
..\..\AppData\Roaming\Python\Python314\site-packages\sqlalchemy\engine\base.py:1967: in _exec_single_context
    self.dialect.do_execute(
..\..\AppData\Roaming\Python\Python314\site-packages\sqlalchemy\engine\default.py:952: in do_execute
    cursor.execute(statement, parameters)
..\..\AppData\Roaming\Python\Python314\site-packages\sqlalchemy\dialects\postgresql\asyncpg.py:585: in execute
    self._adapt_connection.await_(
..\..\AppData\Roaming\Python\Python314\site-packages\sqlalchemy\util\_concurrency_py3k.py:132: in await_only
    return current.parent.switch(awaitable)  # type: ignore[no-any-return,attr-defined] # noqa: E501
           ^^^^^^^^^^^^^^^^^^^^^^^^^^^^^^^^
..\..\AppData\Roaming\Python\Python314\site-packages\sqlalchemy\util\_concurrency_py3k.py:196: in greenlet_spawn
    value = await result
            ^^^^^^^^^^^^
..\..\AppData\Roaming\Python\Python314\site-packages\sqlalchemy\dialects\postgresql\asyncpg.py:563: in _prepare_and_execute
    self._handle_exception(error)
..\..\AppData\Roaming\Python\Python314\site-packages\sqlalchemy\dialects\postgresql\asyncpg.py:513: in _handle_exception
    self._adapt_connection._handle_exception(error)
..\..\AppData\Roaming\Python\Python314\site-packages\sqlalchemy\dialects\postgresql\asyncpg.py:797: in _handle_exception
    raise translated_error from error
E   sqlalchemy.exc.ProgrammingError: (sqlalchemy.dialects.postgresql.asyncpg.ProgrammingError) <class 'asyncpg.exceptions.UndefinedObjectError'>: type "vector" does not exist
E   [SQL: 
E   CREATE TABLE material_chunks (
E   	id UUID NOT NULL, 
E   	material_id UUID NOT NULL, 
E   	content TEXT NOT NULL, 
E   	page_number INTEGER, 
E   	chunk_index INTEGER NOT NULL, 
E   	chunk_metadata JSONB, 
E   	embedding VECTOR(384), 
E   	search_vector TSVECTOR, 
E   	created_at TIMESTAMP WITH TIME ZONE DEFAULT now() NOT NULL, 
E   	PRIMARY KEY (id), 
E   	FOREIGN KEY(material_id) REFERENCES materials (id) ON DELETE CASCADE
E   )
E   
E   ]
E   (Background on this error at: https://sqlalche.me/e/20/f405)
__ ERROR at setup of TestRegistration.test_register_with_admin_role_rejected __
..\..\AppData\Roaming\Python\Python314\site-packages\sqlalchemy\dialects\postgresql\asyncpg.py:550: in _prepare_and_execute
    self._rows = deque(await prepared_stmt.fetch(*parameters))
                       ^^^^^^^^^^^^^^^^^^^^^^^^^^^^^^^^^^^^^^
..\..\AppData\Roaming\Python\Python314\site-packages\asyncpg\prepared_stmt.py:177: in fetch
    data = await self.__bind_execute(args, 0, timeout)
           ^^^^^^^^^^^^^^^^^^^^^^^^^^^^^^^^^^^^^^^^^^^
..\..\AppData\Roaming\Python\Python314\site-packages\asyncpg\prepared_stmt.py:268: in __bind_execute
    data, status, _ = await self.__do_execute(
..\..\AppData\Roaming\Python\Python314\site-packages\asyncpg\prepared_stmt.py:257: in __do_execute
    return await executor(protocol)
           ^^^^^^^^^^^^^^^^^^^^^^^^
asyncpg/protocol/protocol.pyx:205: in bind_execute
    ???
E   asyncpg.exceptions.UndefinedObjectError: type "vector" does not exist

The above exception was the direct cause of the following exception:
..\..\AppData\Roaming\Python\Python314\site-packages\sqlalchemy\engine\base.py:1967: in _exec_single_context
    self.dialect.do_execute(
..\..\AppData\Roaming\Python\Python314\site-packages\sqlalchemy\engine\default.py:952: in do_execute
    cursor.execute(statement, parameters)
..\..\AppData\Roaming\Python\Python314\site-packages\sqlalchemy\dialects\postgresql\asyncpg.py:585: in execute
    self._adapt_connection.await_(
..\..\AppData\Roaming\Python\Python314\site-packages\sqlalchemy\util\_concurrency_py3k.py:132: in await_only
    return current.parent.switch(awaitable)  # type: ignore[no-any-return,attr-defined] # noqa: E501
           ^^^^^^^^^^^^^^^^^^^^^^^^^^^^^^^^
..\..\AppData\Roaming\Python\Python314\site-packages\sqlalchemy\util\_concurrency_py3k.py:196: in greenlet_spawn
    value = await result
            ^^^^^^^^^^^^
..\..\AppData\Roaming\Python\Python314\site-packages\sqlalchemy\dialects\postgresql\asyncpg.py:563: in _prepare_and_execute
    self._handle_exception(error)
..\..\AppData\Roaming\Python\Python314\site-packages\sqlalchemy\dialects\postgresql\asyncpg.py:513: in _handle_exception
    self._adapt_connection._handle_exception(error)
..\..\AppData\Roaming\Python\Python314\site-packages\sqlalchemy\dialects\postgresql\asyncpg.py:797: in _handle_exception
    raise translated_error from error
E   sqlalchemy.dialects.postgresql.asyncpg.AsyncAdapt_asyncpg_dbapi.ProgrammingError: <class 'asyncpg.exceptions.UndefinedObjectError'>: type "vector" does not exist

The above exception was the direct cause of the following exception:
..\..\AppData\Roaming\Python\Python314\site-packages\pytest_asyncio\plugin.py:458: in setup
    return super().setup()
           ^^^^^^^^^^^^^^^
..\..\AppData\Roaming\Python\Python314\site-packages\pytest_asyncio\plugin.py:313: in _asyncgen_fixture_wrapper
    result = runner.run(setup(), context=context)
             ^^^^^^^^^^^^^^^^^^^^^^^^^^^^^^^^^^^^
C:\Python314\Lib\asyncio\runners.py:127: in run
    return self._loop.run_until_complete(task)
           ^^^^^^^^^^^^^^^^^^^^^^^^^^^^^^^^^^^
C:\Python314\Lib\asyncio\base_events.py:719: in run_until_complete
    return future.result()
           ^^^^^^^^^^^^^^^
..\..\AppData\Roaming\Python\Python314\site-packages\pytest_asyncio\plugin.py:309: in setup
    res = await gen_obj.__anext__()
          ^^^^^^^^^^^^^^^^^^^^^^^^^
tests\conftest.py:159: in test_engine
    await conn.run_sync(Base.metadata.create_all)
..\..\AppData\Roaming\Python\Python314\site-packages\sqlalchemy\ext\asyncio\engine.py:888: in run_sync
    return await greenlet_spawn(
..\..\AppData\Roaming\Python\Python314\site-packages\sqlalchemy\util\_concurrency_py3k.py:201: in greenlet_spawn
    result = context.throw(*sys.exc_info())
             ^^^^^^^^^^^^^^^^^^^^^^^^^^^^^^
..\..\AppData\Roaming\Python\Python314\site-packages\sqlalchemy\sql\schema.py:5928: in create_all
    bind._run_ddl_visitor(
..\..\AppData\Roaming\Python\Python314\site-packages\sqlalchemy\engine\base.py:2467: in _run_ddl_visitor
    ).traverse_single(element)
      ^^^^^^^^^^^^^^^^^^^^^^^^
..\..\AppData\Roaming\Python\Python314\site-packages\sqlalchemy\sql\visitors.py:661: in traverse_single
    return meth(obj, **kw)
           ^^^^^^^^^^^^^^^
..\..\AppData\Roaming\Python\Python314\site-packages\sqlalchemy\sql\ddl.py:984: in visit_metadata
    self.traverse_single(
..\..\AppData\Roaming\Python\Python314\site-packages\sqlalchemy\sql\visitors.py:661: in traverse_single
    return meth(obj, **kw)
           ^^^^^^^^^^^^^^^
..\..\AppData\Roaming\Python\Python314\site-packages\sqlalchemy\sql\ddl.py:1022: in visit_table
    )._invoke_with(self.connection)
      ^^^^^^^^^^^^^^^^^^^^^^^^^^^^^
..\..\AppData\Roaming\Python\Python314\site-packages\sqlalchemy\sql\ddl.py:321: in _invoke_with
    return bind.execute(self)
           ^^^^^^^^^^^^^^^^^^
..\..\AppData\Roaming\Python\Python314\site-packages\sqlalchemy\engine\base.py:1419: in execute
    return meth(
..\..\AppData\Roaming\Python\Python314\site-packages\sqlalchemy\sql\ddl.py:187: in _execute_on_connection
    return connection._execute_ddl(
..\..\AppData\Roaming\Python\Python314\site-packages\sqlalchemy\engine\base.py:1530: in _execute_ddl
    ret = self._execute_context(
..\..\AppData\Roaming\Python\Python314\site-packages\sqlalchemy\engine\base.py:1846: in _execute_context
    return self._exec_single_context(
..\..\AppData\Roaming\Python\Python314\site-packages\sqlalchemy\engine\base.py:1986: in _exec_single_context
    self._handle_dbapi_exception(
..\..\AppData\Roaming\Python\Python314\site-packages\sqlalchemy\engine\base.py:2363: in _handle_dbapi_exception
    raise sqlalchemy_exception.with_traceback(exc_info[2]) from e
..\..\AppData\Roaming\Python\Python314\site-packages\sqlalchemy\engine\base.py:1967: in _exec_single_context
    self.dialect.do_execute(
..\..\AppData\Roaming\Python\Python314\site-packages\sqlalchemy\engine\default.py:952: in do_execute
    cursor.execute(statement, parameters)
..\..\AppData\Roaming\Python\Python314\site-packages\sqlalchemy\dialects\postgresql\asyncpg.py:585: in execute
    self._adapt_connection.await_(
..\..\AppData\Roaming\Python\Python314\site-packages\sqlalchemy\util\_concurrency_py3k.py:132: in await_only
    return current.parent.switch(awaitable)  # type: ignore[no-any-return,attr-defined] # noqa: E501
           ^^^^^^^^^^^^^^^^^^^^^^^^^^^^^^^^
..\..\AppData\Roaming\Python\Python314\site-packages\sqlalchemy\util\_concurrency_py3k.py:196: in greenlet_spawn
    value = await result
            ^^^^^^^^^^^^
..\..\AppData\Roaming\Python\Python314\site-packages\sqlalchemy\dialects\postgresql\asyncpg.py:563: in _prepare_and_execute
    self._handle_exception(error)
..\..\AppData\Roaming\Python\Python314\site-packages\sqlalchemy\dialects\postgresql\asyncpg.py:513: in _handle_exception
    self._adapt_connection._handle_exception(error)
..\..\AppData\Roaming\Python\Python314\site-packages\sqlalchemy\dialects\postgresql\asyncpg.py:797: in _handle_exception
    raise translated_error from error
E   sqlalchemy.exc.ProgrammingError: (sqlalchemy.dialects.postgresql.asyncpg.ProgrammingError) <class 'asyncpg.exceptions.UndefinedObjectError'>: type "vector" does not exist
E   [SQL: 
E   CREATE TABLE material_chunks (
E   	id UUID NOT NULL, 
E   	material_id UUID NOT NULL, 
E   	content TEXT NOT NULL, 
E   	page_number INTEGER, 
E   	chunk_index INTEGER NOT NULL, 
E   	chunk_metadata JSONB, 
E   	embedding VECTOR(384), 
E   	search_vector TSVECTOR, 
E   	created_at TIMESTAMP WITH TIME ZONE DEFAULT now() NOT NULL, 
E   	PRIMARY KEY (id), 
E   	FOREIGN KEY(material_id) REFERENCES materials (id) ON DELETE CASCADE
E   )
E   
E   ]
E   (Background on this error at: https://sqlalche.me/e/20/f405)
______ ERROR at setup of TestRegistration.test_duplicate_email_rejected _______
..\..\AppData\Roaming\Python\Python314\site-packages\sqlalchemy\dialects\postgresql\asyncpg.py:550: in _prepare_and_execute
    self._rows = deque(await prepared_stmt.fetch(*parameters))
                       ^^^^^^^^^^^^^^^^^^^^^^^^^^^^^^^^^^^^^^
..\..\AppData\Roaming\Python\Python314\site-packages\asyncpg\prepared_stmt.py:177: in fetch
    data = await self.__bind_execute(args, 0, timeout)
           ^^^^^^^^^^^^^^^^^^^^^^^^^^^^^^^^^^^^^^^^^^^
..\..\AppData\Roaming\Python\Python314\site-packages\asyncpg\prepared_stmt.py:268: in __bind_execute
    data, status, _ = await self.__do_execute(
..\..\AppData\Roaming\Python\Python314\site-packages\asyncpg\prepared_stmt.py:257: in __do_execute
    return await executor(protocol)
           ^^^^^^^^^^^^^^^^^^^^^^^^
asyncpg/protocol/protocol.pyx:205: in bind_execute
    ???
E   asyncpg.exceptions.UndefinedObjectError: type "vector" does not exist

The above exception was the direct cause of the following exception:
..\..\AppData\Roaming\Python\Python314\site-packages\sqlalchemy\engine\base.py:1967: in _exec_single_context
    self.dialect.do_execute(
..\..\AppData\Roaming\Python\Python314\site-packages\sqlalchemy\engine\default.py:952: in do_execute
    cursor.execute(statement, parameters)
..\..\AppData\Roaming\Python\Python314\site-packages\sqlalchemy\dialects\postgresql\asyncpg.py:585: in execute
    self._adapt_connection.await_(
..\..\AppData\Roaming\Python\Python314\site-packages\sqlalchemy\util\_concurrency_py3k.py:132: in await_only
    return current.parent.switch(awaitable)  # type: ignore[no-any-return,attr-defined] # noqa: E501
           ^^^^^^^^^^^^^^^^^^^^^^^^^^^^^^^^
..\..\AppData\Roaming\Python\Python314\site-packages\sqlalchemy\util\_concurrency_py3k.py:196: in greenlet_spawn
    value = await result
            ^^^^^^^^^^^^
..\..\AppData\Roaming\Python\Python314\site-packages\sqlalchemy\dialects\postgresql\asyncpg.py:563: in _prepare_and_execute
    self._handle_exception(error)
..\..\AppData\Roaming\Python\Python314\site-packages\sqlalchemy\dialects\postgresql\asyncpg.py:513: in _handle_exception
    self._adapt_connection._handle_exception(error)
..\..\AppData\Roaming\Python\Python314\site-packages\sqlalchemy\dialects\postgresql\asyncpg.py:797: in _handle_exception
    raise translated_error from error
E   sqlalchemy.dialects.postgresql.asyncpg.AsyncAdapt_asyncpg_dbapi.ProgrammingError: <class 'asyncpg.exceptions.UndefinedObjectError'>: type "vector" does not exist

The above exception was the direct cause of the following exception:
..\..\AppData\Roaming\Python\Python314\site-packages\pytest_asyncio\plugin.py:458: in setup
    return super().setup()
           ^^^^^^^^^^^^^^^
..\..\AppData\Roaming\Python\Python314\site-packages\pytest_asyncio\plugin.py:313: in _asyncgen_fixture_wrapper
    result = runner.run(setup(), context=context)
             ^^^^^^^^^^^^^^^^^^^^^^^^^^^^^^^^^^^^
C:\Python314\Lib\asyncio\runners.py:127: in run
    return self._loop.run_until_complete(task)
           ^^^^^^^^^^^^^^^^^^^^^^^^^^^^^^^^^^^
C:\Python314\Lib\asyncio\base_events.py:719: in run_until_complete
    return future.result()
           ^^^^^^^^^^^^^^^
..\..\AppData\Roaming\Python\Python314\site-packages\pytest_asyncio\plugin.py:309: in setup
    res = await gen_obj.__anext__()
          ^^^^^^^^^^^^^^^^^^^^^^^^^
tests\conftest.py:159: in test_engine
    await conn.run_sync(Base.metadata.create_all)
..\..\AppData\Roaming\Python\Python314\site-packages\sqlalchemy\ext\asyncio\engine.py:888: in run_sync
    return await greenlet_spawn(
..\..\AppData\Roaming\Python\Python314\site-packages\sqlalchemy\util\_concurrency_py3k.py:201: in greenlet_spawn
    result = context.throw(*sys.exc_info())
             ^^^^^^^^^^^^^^^^^^^^^^^^^^^^^^
..\..\AppData\Roaming\Python\Python314\site-packages\sqlalchemy\sql\schema.py:5928: in create_all
    bind._run_ddl_visitor(
..\..\AppData\Roaming\Python\Python314\site-packages\sqlalchemy\engine\base.py:2467: in _run_ddl_visitor
    ).traverse_single(element)
      ^^^^^^^^^^^^^^^^^^^^^^^^
..\..\AppData\Roaming\Python\Python314\site-packages\sqlalchemy\sql\visitors.py:661: in traverse_single
    return meth(obj, **kw)
           ^^^^^^^^^^^^^^^
..\..\AppData\Roaming\Python\Python314\site-packages\sqlalchemy\sql\ddl.py:984: in visit_metadata
    self.traverse_single(
..\..\AppData\Roaming\Python\Python314\site-packages\sqlalchemy\sql\visitors.py:661: in traverse_single
    return meth(obj, **kw)
           ^^^^^^^^^^^^^^^
..\..\AppData\Roaming\Python\Python314\site-packages\sqlalchemy\sql\ddl.py:1022: in visit_table
    )._invoke_with(self.connection)
      ^^^^^^^^^^^^^^^^^^^^^^^^^^^^^
..\..\AppData\Roaming\Python\Python314\site-packages\sqlalchemy\sql\ddl.py:321: in _invoke_with
    return bind.execute(self)
           ^^^^^^^^^^^^^^^^^^
..\..\AppData\Roaming\Python\Python314\site-packages\sqlalchemy\engine\base.py:1419: in execute
    return meth(
..\..\AppData\Roaming\Python\Python314\site-packages\sqlalchemy\sql\ddl.py:187: in _execute_on_connection
    return connection._execute_ddl(
..\..\AppData\Roaming\Python\Python314\site-packages\sqlalchemy\engine\base.py:1530: in _execute_ddl
    ret = self._execute_context(
..\..\AppData\Roaming\Python\Python314\site-packages\sqlalchemy\engine\base.py:1846: in _execute_context
    return self._exec_single_context(
..\..\AppData\Roaming\Python\Python314\site-packages\sqlalchemy\engine\base.py:1986: in _exec_single_context
    self._handle_dbapi_exception(
..\..\AppData\Roaming\Python\Python314\site-packages\sqlalchemy\engine\base.py:2363: in _handle_dbapi_exception
    raise sqlalchemy_exception.with_traceback(exc_info[2]) from e
..\..\AppData\Roaming\Python\Python314\site-packages\sqlalchemy\engine\base.py:1967: in _exec_single_context
    self.dialect.do_execute(
..\..\AppData\Roaming\Python\Python314\site-packages\sqlalchemy\engine\default.py:952: in do_execute
    cursor.execute(statement, parameters)
..\..\AppData\Roaming\Python\Python314\site-packages\sqlalchemy\dialects\postgresql\asyncpg.py:585: in execute
    self._adapt_connection.await_(
..\..\AppData\Roaming\Python\Python314\site-packages\sqlalchemy\util\_concurrency_py3k.py:132: in await_only
    return current.parent.switch(awaitable)  # type: ignore[no-any-return,attr-defined] # noqa: E501
           ^^^^^^^^^^^^^^^^^^^^^^^^^^^^^^^^
..\..\AppData\Roaming\Python\Python314\site-packages\sqlalchemy\util\_concurrency_py3k.py:196: in greenlet_spawn
    value = await result
            ^^^^^^^^^^^^
..\..\AppData\Roaming\Python\Python314\site-packages\sqlalchemy\dialects\postgresql\asyncpg.py:563: in _prepare_and_execute
    self._handle_exception(error)
..\..\AppData\Roaming\Python\Python314\site-packages\sqlalchemy\dialects\postgresql\asyncpg.py:513: in _handle_exception
    self._adapt_connection._handle_exception(error)
..\..\AppData\Roaming\Python\Python314\site-packages\sqlalchemy\dialects\postgresql\asyncpg.py:797: in _handle_exception
    raise translated_error from error
E   sqlalchemy.exc.ProgrammingError: (sqlalchemy.dialects.postgresql.asyncpg.ProgrammingError) <class 'asyncpg.exceptions.UndefinedObjectError'>: type "vector" does not exist
E   [SQL: 
E   CREATE TABLE material_chunks (
E   	id UUID NOT NULL, 
E   	material_id UUID NOT NULL, 
E   	content TEXT NOT NULL, 
E   	page_number INTEGER, 
E   	chunk_index INTEGER NOT NULL, 
E   	chunk_metadata JSONB, 
E   	embedding VECTOR(384), 
E   	search_vector TSVECTOR, 
E   	created_at TIMESTAMP WITH TIME ZONE DEFAULT now() NOT NULL, 
E   	PRIMARY KEY (id), 
E   	FOREIGN KEY(material_id) REFERENCES materials (id) ON DELETE CASCADE
E   )
E   
E   ]
E   (Background on this error at: https://sqlalche.me/e/20/f405)
________ ERROR at setup of TestLogin.test_unverified_user_cannot_login ________
..\..\AppData\Roaming\Python\Python314\site-packages\sqlalchemy\dialects\postgresql\asyncpg.py:550: in _prepare_and_execute
    self._rows = deque(await prepared_stmt.fetch(*parameters))
                       ^^^^^^^^^^^^^^^^^^^^^^^^^^^^^^^^^^^^^^
..\..\AppData\Roaming\Python\Python314\site-packages\asyncpg\prepared_stmt.py:177: in fetch
    data = await self.__bind_execute(args, 0, timeout)
           ^^^^^^^^^^^^^^^^^^^^^^^^^^^^^^^^^^^^^^^^^^^
..\..\AppData\Roaming\Python\Python314\site-packages\asyncpg\prepared_stmt.py:268: in __bind_execute
    data, status, _ = await self.__do_execute(
..\..\AppData\Roaming\Python\Python314\site-packages\asyncpg\prepared_stmt.py:257: in __do_execute
    return await executor(protocol)
           ^^^^^^^^^^^^^^^^^^^^^^^^
asyncpg/protocol/protocol.pyx:205: in bind_execute
    ???
E   asyncpg.exceptions.UndefinedObjectError: type "vector" does not exist

The above exception was the direct cause of the following exception:
..\..\AppData\Roaming\Python\Python314\site-packages\sqlalchemy\engine\base.py:1967: in _exec_single_context
    self.dialect.do_execute(
..\..\AppData\Roaming\Python\Python314\site-packages\sqlalchemy\engine\default.py:952: in do_execute
    cursor.execute(statement, parameters)
..\..\AppData\Roaming\Python\Python314\site-packages\sqlalchemy\dialects\postgresql\asyncpg.py:585: in execute
    self._adapt_connection.await_(
..\..\AppData\Roaming\Python\Python314\site-packages\sqlalchemy\util\_concurrency_py3k.py:132: in await_only
    return current.parent.switch(awaitable)  # type: ignore[no-any-return,attr-defined] # noqa: E501
           ^^^^^^^^^^^^^^^^^^^^^^^^^^^^^^^^
..\..\AppData\Roaming\Python\Python314\site-packages\sqlalchemy\util\_concurrency_py3k.py:196: in greenlet_spawn
    value = await result
            ^^^^^^^^^^^^
..\..\AppData\Roaming\Python\Python314\site-packages\sqlalchemy\dialects\postgresql\asyncpg.py:563: in _prepare_and_execute
    self._handle_exception(error)
..\..\AppData\Roaming\Python\Python314\site-packages\sqlalchemy\dialects\postgresql\asyncpg.py:513: in _handle_exception
    self._adapt_connection._handle_exception(error)
..\..\AppData\Roaming\Python\Python314\site-packages\sqlalchemy\dialects\postgresql\asyncpg.py:797: in _handle_exception
    raise translated_error from error
E   sqlalchemy.dialects.postgresql.asyncpg.AsyncAdapt_asyncpg_dbapi.ProgrammingError: <class 'asyncpg.exceptions.UndefinedObjectError'>: type "vector" does not exist

The above exception was the direct cause of the following exception:
..\..\AppData\Roaming\Python\Python314\site-packages\pytest_asyncio\plugin.py:458: in setup
    return super().setup()
           ^^^^^^^^^^^^^^^
..\..\AppData\Roaming\Python\Python314\site-packages\pytest_asyncio\plugin.py:313: in _asyncgen_fixture_wrapper
    result = runner.run(setup(), context=context)
             ^^^^^^^^^^^^^^^^^^^^^^^^^^^^^^^^^^^^
C:\Python314\Lib\asyncio\runners.py:127: in run
    return self._loop.run_until_complete(task)
           ^^^^^^^^^^^^^^^^^^^^^^^^^^^^^^^^^^^
C:\Python314\Lib\asyncio\base_events.py:719: in run_until_complete
    return future.result()
           ^^^^^^^^^^^^^^^
..\..\AppData\Roaming\Python\Python314\site-packages\pytest_asyncio\plugin.py:309: in setup
    res = await gen_obj.__anext__()
          ^^^^^^^^^^^^^^^^^^^^^^^^^
tests\conftest.py:159: in test_engine
    await conn.run_sync(Base.metadata.create_all)
..\..\AppData\Roaming\Python\Python314\site-packages\sqlalchemy\ext\asyncio\engine.py:888: in run_sync
    return await greenlet_spawn(
..\..\AppData\Roaming\Python\Python314\site-packages\sqlalchemy\util\_concurrency_py3k.py:201: in greenlet_spawn
    result = context.throw(*sys.exc_info())
             ^^^^^^^^^^^^^^^^^^^^^^^^^^^^^^
..\..\AppData\Roaming\Python\Python314\site-packages\sqlalchemy\sql\schema.py:5928: in create_all
    bind._run_ddl_visitor(
..\..\AppData\Roaming\Python\Python314\site-packages\sqlalchemy\engine\base.py:2467: in _run_ddl_visitor
    ).traverse_single(element)
      ^^^^^^^^^^^^^^^^^^^^^^^^
..\..\AppData\Roaming\Python\Python314\site-packages\sqlalchemy\sql\visitors.py:661: in traverse_single
    return meth(obj, **kw)
           ^^^^^^^^^^^^^^^
..\..\AppData\Roaming\Python\Python314\site-packages\sqlalchemy\sql\ddl.py:984: in visit_metadata
    self.traverse_single(
..\..\AppData\Roaming\Python\Python314\site-packages\sqlalchemy\sql\visitors.py:661: in traverse_single
    return meth(obj, **kw)
           ^^^^^^^^^^^^^^^
..\..\AppData\Roaming\Python\Python314\site-packages\sqlalchemy\sql\ddl.py:1022: in visit_table
    )._invoke_with(self.connection)
      ^^^^^^^^^^^^^^^^^^^^^^^^^^^^^
..\..\AppData\Roaming\Python\Python314\site-packages\sqlalchemy\sql\ddl.py:321: in _invoke_with
    return bind.execute(self)
           ^^^^^^^^^^^^^^^^^^
..\..\AppData\Roaming\Python\Python314\site-packages\sqlalchemy\engine\base.py:1419: in execute
    return meth(
..\..\AppData\Roaming\Python\Python314\site-packages\sqlalchemy\sql\ddl.py:187: in _execute_on_connection
    return connection._execute_ddl(
..\..\AppData\Roaming\Python\Python314\site-packages\sqlalchemy\engine\base.py:1530: in _execute_ddl
    ret = self._execute_context(
..\..\AppData\Roaming\Python\Python314\site-packages\sqlalchemy\engine\base.py:1846: in _execute_context
    return self._exec_single_context(
..\..\AppData\Roaming\Python\Python314\site-packages\sqlalchemy\engine\base.py:1986: in _exec_single_context
    self._handle_dbapi_exception(
..\..\AppData\Roaming\Python\Python314\site-packages\sqlalchemy\engine\base.py:2363: in _handle_dbapi_exception
    raise sqlalchemy_exception.with_traceback(exc_info[2]) from e
..\..\AppData\Roaming\Python\Python314\site-packages\sqlalchemy\engine\base.py:1967: in _exec_single_context
    self.dialect.do_execute(
..\..\AppData\Roaming\Python\Python314\site-packages\sqlalchemy\engine\default.py:952: in do_execute
    cursor.execute(statement, parameters)
..\..\AppData\Roaming\Python\Python314\site-packages\sqlalchemy\dialects\postgresql\asyncpg.py:585: in execute
    self._adapt_connection.await_(
..\..\AppData\Roaming\Python\Python314\site-packages\sqlalchemy\util\_concurrency_py3k.py:132: in await_only
    return current.parent.switch(awaitable)  # type: ignore[no-any-return,attr-defined] # noqa: E501
           ^^^^^^^^^^^^^^^^^^^^^^^^^^^^^^^^
..\..\AppData\Roaming\Python\Python314\site-packages\sqlalchemy\util\_concurrency_py3k.py:196: in greenlet_spawn
    value = await result
            ^^^^^^^^^^^^
..\..\AppData\Roaming\Python\Python314\site-packages\sqlalchemy\dialects\postgresql\asyncpg.py:563: in _prepare_and_execute
    self._handle_exception(error)
..\..\AppData\Roaming\Python\Python314\site-packages\sqlalchemy\dialects\postgresql\asyncpg.py:513: in _handle_exception
    self._adapt_connection._handle_exception(error)
..\..\AppData\Roaming\Python\Python314\site-packages\sqlalchemy\dialects\postgresql\asyncpg.py:797: in _handle_exception
    raise translated_error from error
E   sqlalchemy.exc.ProgrammingError: (sqlalchemy.dialects.postgresql.asyncpg.ProgrammingError) <class 'asyncpg.exceptions.UndefinedObjectError'>: type "vector" does not exist
E   [SQL: 
E   CREATE TABLE material_chunks (
E   	id UUID NOT NULL, 
E   	material_id UUID NOT NULL, 
E   	content TEXT NOT NULL, 
E   	page_number INTEGER, 
E   	chunk_index INTEGER NOT NULL, 
E   	chunk_metadata JSONB, 
E   	embedding VECTOR(384), 
E   	search_vector TSVECTOR, 
E   	created_at TIMESTAMP WITH TIME ZONE DEFAULT now() NOT NULL, 
E   	PRIMARY KEY (id), 
E   	FOREIGN KEY(material_id) REFERENCES materials (id) ON DELETE CASCADE
E   )
E   
E   ]
E   (Background on this error at: https://sqlalche.me/e/20/f405)
_________ ERROR at setup of TestLogin.test_pending_user_cannot_login __________
..\..\AppData\Roaming\Python\Python314\site-packages\sqlalchemy\dialects\postgresql\asyncpg.py:550: in _prepare_and_execute
    self._rows = deque(await prepared_stmt.fetch(*parameters))
                       ^^^^^^^^^^^^^^^^^^^^^^^^^^^^^^^^^^^^^^
..\..\AppData\Roaming\Python\Python314\site-packages\asyncpg\prepared_stmt.py:177: in fetch
    data = await self.__bind_execute(args, 0, timeout)
           ^^^^^^^^^^^^^^^^^^^^^^^^^^^^^^^^^^^^^^^^^^^
..\..\AppData\Roaming\Python\Python314\site-packages\asyncpg\prepared_stmt.py:268: in __bind_execute
    data, status, _ = await self.__do_execute(
..\..\AppData\Roaming\Python\Python314\site-packages\asyncpg\prepared_stmt.py:257: in __do_execute
    return await executor(protocol)
           ^^^^^^^^^^^^^^^^^^^^^^^^
asyncpg/protocol/protocol.pyx:205: in bind_execute
    ???
E   asyncpg.exceptions.UndefinedObjectError: type "vector" does not exist

The above exception was the direct cause of the following exception:
..\..\AppData\Roaming\Python\Python314\site-packages\sqlalchemy\engine\base.py:1967: in _exec_single_context
    self.dialect.do_execute(
..\..\AppData\Roaming\Python\Python314\site-packages\sqlalchemy\engine\default.py:952: in do_execute
    cursor.execute(statement, parameters)
..\..\AppData\Roaming\Python\Python314\site-packages\sqlalchemy\dialects\postgresql\asyncpg.py:585: in execute
    self._adapt_connection.await_(
..\..\AppData\Roaming\Python\Python314\site-packages\sqlalchemy\util\_concurrency_py3k.py:132: in await_only
    return current.parent.switch(awaitable)  # type: ignore[no-any-return,attr-defined] # noqa: E501
           ^^^^^^^^^^^^^^^^^^^^^^^^^^^^^^^^
..\..\AppData\Roaming\Python\Python314\site-packages\sqlalchemy\util\_concurrency_py3k.py:196: in greenlet_spawn
    value = await result
            ^^^^^^^^^^^^
..\..\AppData\Roaming\Python\Python314\site-packages\sqlalchemy\dialects\postgresql\asyncpg.py:563: in _prepare_and_execute
    self._handle_exception(error)
..\..\AppData\Roaming\Python\Python314\site-packages\sqlalchemy\dialects\postgresql\asyncpg.py:513: in _handle_exception
    self._adapt_connection._handle_exception(error)
..\..\AppData\Roaming\Python\Python314\site-packages\sqlalchemy\dialects\postgresql\asyncpg.py:797: in _handle_exception
    raise translated_error from error
E   sqlalchemy.dialects.postgresql.asyncpg.AsyncAdapt_asyncpg_dbapi.ProgrammingError: <class 'asyncpg.exceptions.UndefinedObjectError'>: type "vector" does not exist

The above exception was the direct cause of the following exception:
..\..\AppData\Roaming\Python\Python314\site-packages\pytest_asyncio\plugin.py:458: in setup
    return super().setup()
           ^^^^^^^^^^^^^^^
..\..\AppData\Roaming\Python\Python314\site-packages\pytest_asyncio\plugin.py:313: in _asyncgen_fixture_wrapper
    result = runner.run(setup(), context=context)
             ^^^^^^^^^^^^^^^^^^^^^^^^^^^^^^^^^^^^
C:\Python314\Lib\asyncio\runners.py:127: in run
    return self._loop.run_until_complete(task)
           ^^^^^^^^^^^^^^^^^^^^^^^^^^^^^^^^^^^
C:\Python314\Lib\asyncio\base_events.py:719: in run_until_complete
    return future.result()
           ^^^^^^^^^^^^^^^
..\..\AppData\Roaming\Python\Python314\site-packages\pytest_asyncio\plugin.py:309: in setup
    res = await gen_obj.__anext__()
          ^^^^^^^^^^^^^^^^^^^^^^^^^
tests\conftest.py:159: in test_engine
    await conn.run_sync(Base.metadata.create_all)
..\..\AppData\Roaming\Python\Python314\site-packages\sqlalchemy\ext\asyncio\engine.py:888: in run_sync
    return await greenlet_spawn(
..\..\AppData\Roaming\Python\Python314\site-packages\sqlalchemy\util\_concurrency_py3k.py:201: in greenlet_spawn
    result = context.throw(*sys.exc_info())
             ^^^^^^^^^^^^^^^^^^^^^^^^^^^^^^
..\..\AppData\Roaming\Python\Python314\site-packages\sqlalchemy\sql\schema.py:5928: in create_all
    bind._run_ddl_visitor(
..\..\AppData\Roaming\Python\Python314\site-packages\sqlalchemy\engine\base.py:2467: in _run_ddl_visitor
    ).traverse_single(element)
      ^^^^^^^^^^^^^^^^^^^^^^^^
..\..\AppData\Roaming\Python\Python314\site-packages\sqlalchemy\sql\visitors.py:661: in traverse_single
    return meth(obj, **kw)
           ^^^^^^^^^^^^^^^
..\..\AppData\Roaming\Python\Python314\site-packages\sqlalchemy\sql\ddl.py:984: in visit_metadata
    self.traverse_single(
..\..\AppData\Roaming\Python\Python314\site-packages\sqlalchemy\sql\visitors.py:661: in traverse_single
    return meth(obj, **kw)
           ^^^^^^^^^^^^^^^
..\..\AppData\Roaming\Python\Python314\site-packages\sqlalchemy\sql\ddl.py:1022: in visit_table
    )._invoke_with(self.connection)
      ^^^^^^^^^^^^^^^^^^^^^^^^^^^^^
..\..\AppData\Roaming\Python\Python314\site-packages\sqlalchemy\sql\ddl.py:321: in _invoke_with
    return bind.execute(self)
           ^^^^^^^^^^^^^^^^^^
..\..\AppData\Roaming\Python\Python314\site-packages\sqlalchemy\engine\base.py:1419: in execute
    return meth(
..\..\AppData\Roaming\Python\Python314\site-packages\sqlalchemy\sql\ddl.py:187: in _execute_on_connection
    return connection._execute_ddl(
..\..\AppData\Roaming\Python\Python314\site-packages\sqlalchemy\engine\base.py:1530: in _execute_ddl
    ret = self._execute_context(
..\..\AppData\Roaming\Python\Python314\site-packages\sqlalchemy\engine\base.py:1846: in _execute_context
    return self._exec_single_context(
..\..\AppData\Roaming\Python\Python314\site-packages\sqlalchemy\engine\base.py:1986: in _exec_single_context
    self._handle_dbapi_exception(
..\..\AppData\Roaming\Python\Python314\site-packages\sqlalchemy\engine\base.py:2363: in _handle_dbapi_exception
    raise sqlalchemy_exception.with_traceback(exc_info[2]) from e
..\..\AppData\Roaming\Python\Python314\site-packages\sqlalchemy\engine\base.py:1967: in _exec_single_context
    self.dialect.do_execute(
..\..\AppData\Roaming\Python\Python314\site-packages\sqlalchemy\engine\default.py:952: in do_execute
    cursor.execute(statement, parameters)
..\..\AppData\Roaming\Python\Python314\site-packages\sqlalchemy\dialects\postgresql\asyncpg.py:585: in execute
    self._adapt_connection.await_(
..\..\AppData\Roaming\Python\Python314\site-packages\sqlalchemy\util\_concurrency_py3k.py:132: in await_only
    return current.parent.switch(awaitable)  # type: ignore[no-any-return,attr-defined] # noqa: E501
           ^^^^^^^^^^^^^^^^^^^^^^^^^^^^^^^^
..\..\AppData\Roaming\Python\Python314\site-packages\sqlalchemy\util\_concurrency_py3k.py:196: in greenlet_spawn
    value = await result
            ^^^^^^^^^^^^
..\..\AppData\Roaming\Python\Python314\site-packages\sqlalchemy\dialects\postgresql\asyncpg.py:563: in _prepare_and_execute
    self._handle_exception(error)
..\..\AppData\Roaming\Python\Python314\site-packages\sqlalchemy\dialects\postgresql\asyncpg.py:513: in _handle_exception
    self._adapt_connection._handle_exception(error)
..\..\AppData\Roaming\Python\Python314\site-packages\sqlalchemy\dialects\postgresql\asyncpg.py:797: in _handle_exception
    raise translated_error from error
E   sqlalchemy.exc.ProgrammingError: (sqlalchemy.dialects.postgresql.asyncpg.ProgrammingError) <class 'asyncpg.exceptions.UndefinedObjectError'>: type "vector" does not exist
E   [SQL: 
E   CREATE TABLE material_chunks (
E   	id UUID NOT NULL, 
E   	material_id UUID NOT NULL, 
E   	content TEXT NOT NULL, 
E   	page_number INTEGER, 
E   	chunk_index INTEGER NOT NULL, 
E   	chunk_metadata JSONB, 
E   	embedding VECTOR(384), 
E   	search_vector TSVECTOR, 
E   	created_at TIMESTAMP WITH TIME ZONE DEFAULT now() NOT NULL, 
E   	PRIMARY KEY (id), 
E   	FOREIGN KEY(material_id) REFERENCES materials (id) ON DELETE CASCADE
E   )
E   
E   ]
E   (Background on this error at: https://sqlalche.me/e/20/f405)
__________ ERROR at setup of TestLogin.test_wrong_password_rejected ___________
..\..\AppData\Roaming\Python\Python314\site-packages\sqlalchemy\dialects\postgresql\asyncpg.py:550: in _prepare_and_execute
    self._rows = deque(await prepared_stmt.fetch(*parameters))
                       ^^^^^^^^^^^^^^^^^^^^^^^^^^^^^^^^^^^^^^
..\..\AppData\Roaming\Python\Python314\site-packages\asyncpg\prepared_stmt.py:177: in fetch
[...]
app\api\v1\endpoints\students.py             439    354    19%   40-45, 102-107, 115-140, 178-192, 207-301, 320-358, 371-410, 420-504, 513-527, 537-630, 641-668, 674-717, 728-758, 781-865, 891-936, 948-976, 1006-1052, 1065-1096, 1112-1175, 1187-1232, 1249-1282
app\api\v1\endpoints\subjects.py             158    114    28%   59-101, 125-248, 263-279, 309-322, 344-376, 387-452
app\api\v1\endpoints\teacher_students.py     115     81    30%   23-25, 47-77, 91-109, 125-176, 195-237, 247-265, 275-301
app\api\v1\endpoints\teachers.py             242    188    22%   74-79, 95-190, 211-300, 323-355, 377-469, 482-519, 547-574, 592-645, 685-725, 749-801
app\api\v1\endpoints\test_email.py            15      7    53%   16-35
app\api\v1\endpoints\users.py                102     67    34%   48-92, 125-212
app\api\v1\endpoints\videos.py                 8      2    75%   18-19
app\api\v1\router.py                          24      0   100%
app\constants.py                               1      0   100%
app\core\config.py                            69      0   100%
app\core\limiter.py                            3      0   100%
app\core\security.py                           6      2    67%   9, 13
app\db\database.py                            21      7    67%   35-40, 47
app\main.py                                  114     48    58%   27, 29, 31, 33, 35, 37, 56-64, 70-93, 108-125, 133-134, 144-153, 178, 194-199, 214-216
app\middleware\__init__.py                     0      0   100%
app\middleware\logging_middleware.py          22     13    41%   12-48
app\migrate_pg.py                             28     28     0%   1-36
app\models\assessment.py                      44      0   100%
app\models\junction_tables.py                 17      0   100%
app\models\message.py                         19      1    95%   26
app\models\notification.py                    19      1    95%   30
app\models\rag_models.py                      20      1    95%   38
app\models\report.py                          29      0   100%
app\models\session.py                        114      1    99%   123
app\models\student.py                         69      0   100%
app\models\student_progress.py                70      0   100%
app\models\subject.py                         62      0   100%
app\models\teacher_student_link.py            16      0   100%
app\models\token_usage.py                     15      0   100%
app\models\user.py                           143      0   100%
app\services\age_content_service.py           83     73    12%   7-11, 16-25, 30-53, 58-120, 125-139, 144-149, 154-169, 179-215
app\services\ai_coordinator.py               172     74    57%   53-69, 72, 134-136, 143, 160, 183, 212-214, 266, 288-317, 371-406, 435-439, 576-587, 618-626, 637-645, 654-655, 661-662
app\services\ai_service.py                    75     54    28%   25-53, 57-65, 81-106, 114-135
app\services\assignment_generator.py         173     60    65%   110-126, 129, 209-240, 281, 290, 379-404, 501-529, 562-596
app\services\chart_generator.py              196    165    16%   23-35, 40-78, 83-132, 137-207, 214-245, 252-292, 299-334, 341-385, 392-446
app\services\email_service.py                 71     44    38%   30-56, 60, 64-111, 115-155, 160-217
app\services\engagement_tracker.py           222     25    89%   106, 110, 241, 270, 273, 290-291, 323, 325, 336, 338, 342-346, 360, 368, 376, 384, 422-423, 452, 529, 545, 549, 559, 563
app\services\gamification.py                  42     34    19%   12-43, 50-66, 73-81
app\services\livekit_service.py              131    101    23%   15-17, 36, 40-41, 45-48, 69-102, 119-152, 175-208, 220-231, 243-252, 268-279, 292-303, 315-337, 349-371
app\services\llm_service.py                  267    187    30%   36-37, 49-50, 56-58, 61-62, 65-79, 101, 111-139, 161, 177, 182-199, 209, 225-227, 241-267, 278-343, 347-356, 367-408, 422-438, 449-472, 482-507, 525-582, 593-623, 633-677
app\services\parsing_service.py               58     34    41%   23-28, 32-37, 43-86, 93-94, 98, 104-109
app\services\report_email_service.py         309    275    11%   45-90, 98-151, 155-196, 202-225, 246-289, 306-335, 350-412, 429-1015, 1032-1115
app\services\report_service.py               234    217     7%   24-39, 49-576, 585-596
app\services\session_manager.py              458    409    11%   36-37, 45-130, 140-204, 215-294, 299-307, 311-325, 329-343, 347-381, 385-412, 418-499, 505-531, 537-543, 547, 551-579, 589-605, 615-637, 641-654, 658-670, 676-696, 702-722, 726-738, 746-759, 769-831, 841-845, 849-850, 854-861, 867-894, 898-904, 908-914, 918-924, 928-941
app\services\storage_service.py               55     39    29%   23-30, 34-57, 61-64, 68-84, 88-98
app\services\video_service.py                137    120    12%   23-49, 59-76, 84-112, 119-127, 139-165, 179-303
app\services\websocket_manager.py            223     55    75%   101-102, 137-139, 145-147, 176-177, 190, 201, 205, 216, 219, 229-233, 353, 396, 402, 410-411, 445-555, 569-570, 585-586, 602-603
app\utils\validators.py                       58     38    34%   35-40, 45-46, 51-52, 60-78, 92-108, 114, 119, 131-141
------------------------------------------------------------------------
TOTAL                                       7681   4976    35%
FAIL Required test coverage of 40% not reached. Total coverage: 35.22%
=========================== short test summary info ===========================
FAILED tests/test_ai_coordinator.py::TestGroqService::test_generate_simple_prompt - fastapi.exceptions.HTTPException: 503: AI_SERVICE_UNAVAILABLE
FAILED tests/test_ai_coordinator.py::TestGroqService::test_generate_with_system_prompt - fastapi.exceptions.HTTPException: 503: AI_SERVICE_UNAVAILABLE
FAILED tests/test_ai_coordinator.py::TestGroqService::test_generate_with_parameters - fastapi.exceptions.HTTPException: 503: AI_SERVICE_UNAVAILABLE
FAILED tests/test_ai_coordinator.py::TestYouTubeService::test_search_videos - assert 0 == 3
 +  where 0 = len([])
FAILED tests/test_ai_coordinator.py::TestAICoordinator::test_process_teacher_speech_with_explanation - fastapi.exceptions.HTTPException: 503: AI_SERVICE_UNAVAILABLE
FAILED tests/test_ai_coordinator.py::TestAICoordinator::test_generate_explanation - fastapi.exceptions.HTTPException: 503: AI_SERVICE_UNAVAILABLE
FAILED tests/test_ai_coordinator.py::TestAICoordinator::test_generate_explanation_with_personalization - fastapi.exceptions.HTTPException: 503: AI_SERVICE_UNAVAILABLE
FAILED tests/test_ai_coordinator.py::TestAICoordinator::test_analyze_complexity - fastapi.exceptions.HTTPException: 503: AI_SERVICE_UNAVAILABLE
FAILED tests/test_ai_coordinator.py::TestAICoordinator::test_suggest_videos - assert 0 > 0
 +  where 0 = len([])
FAILED tests/test_ai_coordinator.py::TestExplanationTypes::test_concept_breakdown_explanation - fastapi.exceptions.HTTPException: 503: AI_SERVICE_UNAVAILABLE
FAILED tests/test_ai_coordinator.py::TestExplanationTypes::test_analogy_explanation - fastapi.exceptions.HTTPException: 503: AI_SERVICE_UNAVAILABLE
FAILED tests/test_ai_coordinator.py::TestExplanationTypes::test_simplified_explanation - fastapi.exceptions.HTTPException: 503: AI_SERVICE_UNAVAILABLE
FAILED tests/test_assignment_generator.py::TestAssignmentGenerator::test_generate_assignment - fastapi.exceptions.HTTPException: 503: AI_SERVICE_UNAVAILABLE
FAILED tests/test_assignment_generator.py::TestAssignmentGenerator::test_calculate_avg_proficiency - assert 0.6000000000000001 == 0.6
FAILED tests/test_assignment_generator.py::TestAssignmentGenerator::test_personalize_assignment - fastapi.exceptions.HTTPException: 503: AI_SERVICE_UNAVAILABLE
FAILED tests/test_assignment_generator.py::TestAssignmentGenerator::test_estimate_difficulty - AttributeError: 'AssignmentGenerator' object has no attribute '_estimate_difficulty'
ERROR tests/test_admin_integration.py::TestAdminEndpoints::test_get_users_requires_admin - sqlalchemy.exc.ProgrammingError: (sqlalchemy.dialects.postgresql.asyncpg.ProgrammingError) <class 'asyncpg.exceptions.UndefinedObjectError'>: type "vector" does not exist
[SQL: 
CREATE TABLE material_chunks (
	id UUID NOT NULL, 
	material_id UUID NOT NULL, 
	content TEXT NOT NULL, 
	page_number INTEGER, 
	chunk_index INTEGER NOT NULL, 
	chunk_metadata JSONB, 
	embedding VECTOR(384), 
	search_vector TSVECTOR, 
	created_at TIMESTAMP WITH TIME ZONE DEFAULT now() NOT NULL, 
	PRIMARY KEY (id), 
	FOREIGN KEY(material_id) REFERENCES materials (id) ON DELETE CASCADE
)

]
(Background on this error at: https://sqlalche.me/e/20/f405)
ERROR tests/test_admin_integration.py::TestAdminEndpoints::test_admin_can_list_users - sqlalchemy.exc.ProgrammingError: (sqlalchemy.dialects.postgresql.asyncpg.ProgrammingError) <class 'asyncpg.exceptions.UndefinedObjectError'>: type "vector" does not exist
[SQL: 
CREATE TABLE material_chunks (
	id UUID NOT NULL, 
	material_id UUID NOT NULL, 
	content TEXT NOT NULL, 
	page_number INTEGER, 
	chunk_index INTEGER NOT NULL, 
	chunk_metadata JSONB, 
	embedding VECTOR(384), 
	search_vector TSVECTOR, 
	created_at TIMESTAMP WITH TIME ZONE DEFAULT now() NOT NULL, 
	PRIMARY KEY (id), 
	FOREIGN KEY(material_id) REFERENCES materials (id) ON DELETE CASCADE
)

]
(Background on this error at: https://sqlalche.me/e/20/f405)
ERROR tests/test_admin_integration.py::TestAdminEndpoints::test_admin_usage_endpoint_protected - sqlalchemy.exc.ProgrammingError: (sqlalchemy.dialects.postgresql.asyncpg.ProgrammingError) <class 'asyncpg.exceptions.UndefinedObjectError'>: type "vector" does not exist
[SQL: 
CREATE TABLE material_chunks (
	id UUID NOT NULL, 
	material_id UUID NOT NULL, 
	content TEXT NOT NULL, 
	page_number INTEGER, 
	chunk_index INTEGER NOT NULL, 
	chunk_metadata JSONB, 
	embedding VECTOR(384), 
	search_vector TSVECTOR, 
	created_at TIMESTAMP WITH TIME ZONE DEFAULT now() NOT NULL, 
	PRIMARY KEY (id), 
	FOREIGN KEY(material_id) REFERENCES materials (id) ON DELETE CASCADE
)

]
(Background on this error at: https://sqlalche.me/e/20/f405)
ERROR tests/test_assignment_generator.py::TestQuestionTypes::test_multiple_choice_question
ERROR tests/test_assignment_generator.py::TestQuestionTypes::test_problem_solving_question
ERROR tests/test_assignment_generator.py::TestQuestionTypes::test_essay_question
ERROR tests/test_assignment_generator.py::TestBloomTaxonomy::test_bloom_distribution_in_assignment
ERROR tests/test_auth_integration.py::TestRegistration::test_register_student - sqlalchemy.exc.ProgrammingError: (sqlalchemy.dialects.postgresql.asyncpg.ProgrammingError) <class 'asyncpg.exceptions.UndefinedObjectError'>: type "vector" does not exist
[SQL: 
CREATE TABLE material_chunks (
	id UUID NOT NULL, 
	material_id UUID NOT NULL, 
	content TEXT NOT NULL, 
	page_number INTEGER, 
	chunk_index INTEGER NOT NULL, 
	chunk_metadata JSONB, 
	embedding VECTOR(384), 
	search_vector TSVECTOR, 
	created_at TIMESTAMP WITH TIME ZONE DEFAULT now() NOT NULL, 
	PRIMARY KEY (id), 
	FOREIGN KEY(material_id) REFERENCES materials (id) ON DELETE CASCADE
)

]
(Background on this error at: https://sqlalche.me/e/20/f405)
ERROR tests/test_auth_integration.py::TestRegistration::test_register_with_admin_role_rejected - sqlalchemy.exc.ProgrammingError: (sqlalchemy.dialects.postgresql.asyncpg.ProgrammingError) <class 'asyncpg.exceptions.UndefinedObjectError'>: type "vector" does not exist
[SQL: 
CREATE TABLE material_chunks (
	id UUID NOT NULL, 
	material_id UUID NOT NULL, 
	content TEXT NOT NULL, 
	page_number INTEGER, 
	chunk_index INTEGER NOT NULL, 
	chunk_metadata JSONB, 
	embedding VECTOR(384), 
	search_vector TSVECTOR, 
	created_at TIMESTAMP WITH TIME ZONE DEFAULT now() NOT NULL, 
	PRIMARY KEY (id), 
	FOREIGN KEY(material_id) REFERENCES materials (id) ON DELETE CASCADE
)

]
(Background on this error at: https://sqlalche.me/e/20/f405)
ERROR tests/test_auth_integration.py::TestRegistration::test_duplicate_email_rejected - sqlalchemy.exc.ProgrammingError: (sqlalchemy.dialects.postgresql.asyncpg.ProgrammingError) <class 'asyncpg.exceptions.UndefinedObjectError'>: type "vector" does not exist
[SQL: 
CREATE TABLE material_chunks (
	id UUID NOT NULL, 
	material_id UUID NOT NULL, 
	content TEXT NOT NULL, 
	page_number INTEGER, 
	chunk_index INTEGER NOT NULL, 
	chunk_metadata JSONB, 
	embedding VECTOR(384), 
	search_vector TSVECTOR, 
	created_at TIMESTAMP WITH TIME ZONE DEFAULT now() NOT NULL, 
	PRIMARY KEY (id), 
	FOREIGN KEY(material_id) REFERENCES materials (id) ON DELETE CASCADE
)

]
(Background on this error at: https://sqlalche.me/e/20/f405)
ERROR tests/test_auth_integration.py::TestLogin::test_unverified_user_cannot_login - sqlalchemy.exc.ProgrammingError: (sqlalchemy.dialects.postgresql.asyncpg.ProgrammingError) <class 'asyncpg.exceptions.UndefinedObjectError'>: type "vector" does not exist
[SQL: 
CREATE TABLE material_chunks (
	id UUID NOT NULL, 
	material_id UUID NOT NULL, 
	content TEXT NOT NULL, 
	page_number INTEGER, 
	chunk_index INTEGER NOT NULL, 
	chunk_metadata JSONB, 
	embedding VECTOR(384), 
	search_vector TSVECTOR, 
	created_at TIMESTAMP WITH TIME ZONE DEFAULT now() NOT NULL, 
	PRIMARY KEY (id), 
	FOREIGN KEY(material_id) REFERENCES materials (id) ON DELETE CASCADE
)

]
(Background on this error at: https://sqlalche.me/e/20/f405)
ERROR tests/test_auth_integration.py::TestLogin::test_pending_user_cannot_login - sqlalchemy.exc.ProgrammingError: (sqlalchemy.dialects.postgresql.asyncpg.ProgrammingError) <class 'asyncpg.exceptions.UndefinedObjectError'>: type "vector" does not exist
[SQL: 
CREATE TABLE material_chunks (
	id UUID NOT NULL, 
	material_id UUID NOT NULL, 
	content TEXT NOT NULL, 
	page_number INTEGER, 
	chunk_index INTEGER NOT NULL, 
	chunk_metadata JSONB, 
	embedding VECTOR(384), 
	search_vector TSVECTOR, 
	created_at TIMESTAMP WITH TIME ZONE DEFAULT now() NOT NULL, 
	PRIMARY KEY (id), 
	FOREIGN KEY(material_id) REFERENCES materials (id) ON DELETE CASCADE
)

]
(Background on this error at: https://sqlalche.me/e/20/f405)
ERROR tests/test_auth_integration.py::TestLogin::test_wrong_password_rejected - sqlalchemy.exc.ProgrammingError: (sqlalchemy.dialects.postgresql.asyncpg.ProgrammingError) <class 'asyncpg.exceptions.UndefinedObjectError'>: type "vector" does not exist
[SQL: 
CREATE TABLE material_chunks (
	id UUID NOT NULL, 
	material_id UUID NOT NULL, 
	content TEXT NOT NULL, 
	page_number INTEGER, 
	chunk_index INTEGER NOT NULL, 
	chunk_metadata JSONB, 
	embedding VECTOR(384), 
	search_vector TSVECTOR, 
	created_at TIMESTAMP WITH TIME ZONE DEFAULT now() NOT NULL, 
	PRIMARY KEY (id), 
	FOREIGN KEY(material_id) REFERENCES materials (id) ON DELETE CASCADE
)

]
(Background on this error at: https://sqlalche.me/e/20/f405)
ERROR tests/test_integration.py::TestCompleteTeachingWorkflow::test_complete_session_lifecycle - sqlalchemy.exc.MissingGreenlet: greenlet_spawn has not been called; can't call await_only() here. Was IO attempted in an unexpected place? (Background on this error at: https://sqlalche.me/e/20/xd2s)
ERROR tests/test_integration.py::TestCompleteTeachingWorkflow::test_ai_explanation_workflow - sqlalchemy.exc.MissingGreenlet: greenlet_spawn has not been called; can't call await_only() here. Was IO attempted in an unexpected place? (Background on this error at: https://sqlalche.me/e/20/xd2s)
ERROR tests/test_integration.py::TestCompleteTeachingWorkflow::test_engagement_alerts - sqlalchemy.exc.MissingGreenlet: greenlet_spawn has not been called; can't call await_only() here. Was IO attempted in an unexpected place? (Background on this error at: https://sqlalche.me/e/20/xd2s)
ERROR tests/test_integration.py::TestCompleteTeachingWorkflow::test_assignment_personalization - sqlalchemy.exc.MissingGreenlet: greenlet_spawn has not been called; can't call await_only() here. Was IO attempted in an unexpected place? (Background on this error at: https://sqlalche.me/e/20/xd2s)
ERROR tests/test_integration.py::TestErrorHandling::test_invalid_session_operations - sqlalchemy.exc.MissingGreenlet: greenlet_spawn has not been called; can't call await_only() here. Was IO attempted in an unexpected place? (Background on this error at: https://sqlalche.me/e/20/xd2s)
ERROR tests/test_integration.py::TestErrorHandling::test_unauthorized_access - sqlalchemy.exc.MissingGreenlet: greenlet_spawn has not been called; can't call await_only() here. Was IO attempted in an unexpected place? (Background on this error at: https://sqlalche.me/e/20/xd2s)
ERROR tests/test_session_manager.py::TestSessionManager::test_create_session - sqlalchemy.exc.MissingGreenlet: greenlet_spawn has not been called; can't call await_only() here. Was IO attempted in an unexpected place? (Background on this error at: https://sqlalche.me/e/20/xd2s)
ERROR tests/test_session_manager.py::TestSessionManager::test_create_session_without_ai_config - sqlalchemy.exc.MissingGreenlet: greenlet_spawn has not been called; can't call await_only() here. Was IO attempted in an unexpected place? (Background on this error at: https://sqlalche.me/e/20/xd2s)
ERROR tests/test_session_manager.py::TestSessionManager::test_start_session - sqlalchemy.exc.MissingGreenlet: greenlet_spawn has not been called; can't call await_only() here. Was IO attempted in an unexpected place? (Background on this error at: https://sqlalche.me/e/20/xd2s)
ERROR tests/test_session_manager.py::TestSessionManager::test_cannot_start_non_scheduled_session - sqlalchemy.exc.MissingGreenlet: greenlet_spawn has not been called; can't call await_only() here. Was IO attempted in an unexpected place? (Background on this error at: https://sqlalche.me/e/20/xd2s)
ERROR tests/test_session_manager.py::TestSessionManager::test_pause_and_resume_session - sqlalchemy.exc.MissingGreenlet: greenlet_spawn has not been called; can't call await_only() here. Was IO attempted in an unexpected place? (Background on this error at: https://sqlalche.me/e/20/xd2s)
ERROR tests/test_session_manager.py::TestSessionManager::test_end_session - sqlalchemy.exc.MissingGreenlet: greenlet_spawn has not been called; can't call await_only() here. Was IO attempted in an unexpected place? (Background on this error at: https://sqlalche.me/e/20/xd2s)
ERROR tests/test_session_manager.py::TestSessionManager::test_student_join_and_leave - sqlalchemy.exc.MissingGreenlet: greenlet_spawn has not been called; can't call await_only() here. Was IO attempted in an unexpected place? (Background on this error at: https://sqlalche.me/e/20/xd2s)
ERROR tests/test_session_manager.py::TestSessionManager::test_get_teacher_sessions - sqlalchemy.exc.MissingGreenlet: greenlet_spawn has not been called; can't call await_only() here. Was IO attempted in an unexpected place? (Background on this error at: https://sqlalche.me/e/20/xd2s)
ERROR tests/test_session_manager.py::TestSessionManager::test_context_building - sqlalchemy.exc.MissingGreenlet: greenlet_spawn has not been called; can't call await_only() here. Was IO attempted in an unexpected place? (Background on this error at: https://sqlalche.me/e/20/xd2s)
ERROR tests/test_session_manager.py::TestSessionLifecycle::test_full_session_lifecycle - sqlalchemy.exc.MissingGreenlet: greenlet_spawn has not been called; can't call await_only() here. Was IO attempted in an unexpected place? (Background on this error at: https://sqlalche.me/e/20/xd2s)
ERROR tests/test_session_manager.py::TestSessionValidation::test_session_not_found - sqlalchemy.exc.MissingGreenlet: greenlet_spawn has not been called; can't call await_only() here. Was IO attempted in an unexpected place? (Background on this error at: https://sqlalche.me/e/20/xd2s)
ERROR tests/test_session_manager.py::TestSessionValidation::test_invalid_session_transition - sqlalchemy.exc.MissingGreenlet: greenlet_spawn has not been called; can't call await_only() here. Was IO attempted in an unexpected place? (Background on this error at: https://sqlalche.me/e/20/xd2s)
====== 16 failed, 53 passed, 46 warnings, 31 errors in 147.71s (0:02:27) ======
