============================= test session starts =============================
platform win32 -- Python 3.14.2, pytest-9.0.2, pluggy-1.6.0 -- C:\Python314\python.exe
cachedir: .pytest_cache
rootdir: C:\Users\Tommie-YV\edunexus\backend
configfile: pytest.ini
plugins: anyio-4.12.1, Faker-40.11.0, langsmith-0.7.22, asyncio-1.3.0, cov-7.1.0
asyncio: mode=Mode.AUTO, debug=False, asyncio_default_fixture_loop_scope=None, asyncio_default_test_loop_scope=function
collecting ... collected 17 items

tests/test_ai_coordinator.py::TestWhisperService::test_transcribe PASSED [  5%]
tests/test_ai_coordinator.py::TestWhisperService::test_transcribe_empty_audio PASSED [ 11%]
tests/test_ai_coordinator.py::TestGroqService::test_generate_simple_prompt FAILED [ 17%]
tests/test_ai_coordinator.py::TestGroqService::test_generate_with_system_prompt FAILED [ 23%]
tests/test_ai_coordinator.py::TestGroqService::test_generate_with_parameters FAILED [ 29%]
tests/test_ai_coordinator.py::TestYouTubeService::test_search_videos FAILED [ 35%]
tests/test_ai_coordinator.py::TestAICoordinator::test_process_teacher_speech_with_explanation FAILED [ 41%]
tests/test_ai_coordinator.py::TestAICoordinator::test_process_teacher_speech_stt_disabled PASSED [ 47%]
tests/test_ai_coordinator.py::TestAICoordinator::test_generate_explanation FAILED [ 52%]
tests/test_ai_coordinator.py::TestAICoordinator::test_generate_explanation_with_personalization FAILED [ 58%]
tests/test_ai_coordinator.py::TestAICoordinator::test_analyze_complexity FAILED [ 64%]
tests/test_ai_coordinator.py::TestAICoordinator::test_suggest_videos FAILED [ 70%]
tests/test_ai_coordinator.py::TestAICoordinator::test_build_explanation_prompt PASSED [ 76%]
tests/test_ai_coordinator.py::TestAICoordinator::test_extract_local_examples PASSED [ 82%]
tests/test_ai_coordinator.py::TestExplanationTypes::test_concept_breakdown_explanation FAILED [ 88%]
tests/test_ai_coordinator.py::TestExplanationTypes::test_analogy_explanation FAILED [ 94%]
tests/test_ai_coordinator.py::TestExplanationTypes::test_simplified_explanation FAILED [100%]
ERROR: Coverage failure: total of 31 is less than fail-under=40


================================== FAILURES ===================================
_________________ TestGroqService.test_generate_simple_prompt _________________
..\..\AppData\Roaming\Python\Python314\site-packages\litellm\llms\custom_httpx\llm_http_handler.py:175: in _make_common_async_call
    response = await async_httpx_client.post(
..\..\AppData\Roaming\Python\Python314\site-packages\litellm\litellm_core_utils\logging_utils.py:297: in async_wrapper
    result = await func(*args, **kwargs)
             ^^^^^^^^^^^^^^^^^^^^^^^^^^^
..\..\AppData\Roaming\Python\Python314\site-packages\litellm\llms\custom_httpx\http_handler.py:513: in post
    raise e
..\..\AppData\Roaming\Python\Python314\site-packages\litellm\llms\custom_httpx\http_handler.py:469: in post
    response.raise_for_status()
..\..\AppData\Roaming\Python\Python314\site-packages\httpx\_models.py:829: in raise_for_status
    raise HTTPStatusError(message, request=request, response=self)
E   httpx.HTTPStatusError: Client error '401 Unauthorized' for url 'https://api.groq.com/openai/v1/chat/completions'
E   For more information check: https://developer.mozilla.org/en-US/docs/Web/HTTP/Status/401

During handling of the above exception, another exception occurred:
..\..\AppData\Roaming\Python\Python314\site-packages\litellm\main.py:620: in acompletion
    response = await init_response
               ^^^^^^^^^^^^^^^^^^^
..\..\AppData\Roaming\Python\Python314\site-packages\litellm\llms\custom_httpx\llm_http_handler.py:307: in async_completion
    response = await self._make_common_async_call(
..\..\AppData\Roaming\Python\Python314\site-packages\litellm\llms\custom_httpx\llm_http_handler.py:200: in _make_common_async_call
    raise self._handle_error(e=e, provider_config=provider_config)
          ^^^^^^^^^^^^^^^^^^^^^^^^^^^^^^^^^^^^^^^^^^^^^^^^^^^^^^^^
..\..\AppData\Roaming\Python\Python314\site-packages\litellm\llms\custom_httpx\llm_http_handler.py:4720: in _handle_error
    raise provider_config.get_error_class(
E   litellm.llms.openai.common_utils.OpenAIError: {"error":{"message":"Invalid API Key","type":"invalid_request_error","code":"invalid_api_key"}}

During handling of the above exception, another exception occurred:
app\services\llm_service.py:181: in generate
    response = await litellm.acompletion(**kwargs)
               ^^^^^^^^^^^^^^^^^^^^^^^^^^^^^^^^^^^
..\..\AppData\Roaming\Python\Python314\site-packages\litellm\utils.py:2072: in wrapper_async
    raise e
..\..\AppData\Roaming\Python\Python314\site-packages\litellm\utils.py:1892: in wrapper_async
    result = await original_function(*args, **kwargs)
             ^^^^^^^^^^^^^^^^^^^^^^^^^^^^^^^^^^^^^^^^
..\..\AppData\Roaming\Python\Python314\site-packages\litellm\main.py:639: in acompletion
    raise exception_type(
..\..\AppData\Roaming\Python\Python314\site-packages\litellm\litellm_core_utils\exception_mapping_utils.py:2456: in exception_type
    raise e
..\..\AppData\Roaming\Python\Python314\site-packages\litellm\litellm_core_utils\exception_mapping_utils.py:478: in exception_type
    raise BadRequestError(
E   litellm.exceptions.BadRequestError: litellm.BadRequestError: GroqException - {"error":{"message":"Invalid API Key","type":"invalid_request_error","code":"invalid_api_key"}}

During handling of the above exception, another exception occurred:
..\..\AppData\Roaming\Python\Python314\site-packages\litellm\llms\openai\openai.py:903: in acompletion
    openai_aclient: AsyncOpenAI = self._get_openai_client(  # type: ignore
..\..\AppData\Roaming\Python\Python314\site-packages\litellm\llms\openai\openai.py:385: in _get_openai_client
    _new_client: Union[OpenAI, AsyncOpenAI] = AsyncOpenAI(
..\..\AppData\Roaming\Python\Python314\site-packages\openai\_client.py:514: in __init__
    raise OpenAIError(
E   openai.OpenAIError: The api_key client option must be set either by passing api_key to the client or by setting the OPENAI_API_KEY environment variable

During handling of the above exception, another exception occurred:
..\..\AppData\Roaming\Python\Python314\site-packages\litellm\main.py:620: in acompletion
    response = await init_response
               ^^^^^^^^^^^^^^^^^^^
..\..\AppData\Roaming\Python\Python314\site-packages\litellm\llms\openai\openai.py:989: in acompletion
    raise OpenAIError(
E   litellm.llms.openai.common_utils.OpenAIError: The api_key client option must be set either by passing api_key to the client or by setting the OPENAI_API_KEY environment variable

During handling of the above exception, another exception occurred:
app\services\llm_service.py:208: in generate
    fallback_res = await litellm.acompletion(**kwargs)
                   ^^^^^^^^^^^^^^^^^^^^^^^^^^^^^^^^^^^
..\..\AppData\Roaming\Python\Python314\site-packages\litellm\utils.py:2072: in wrapper_async
    raise e
..\..\AppData\Roaming\Python\Python314\site-packages\litellm\utils.py:1892: in wrapper_async
    result = await original_function(*args, **kwargs)
             ^^^^^^^^^^^^^^^^^^^^^^^^^^^^^^^^^^^^^^^^
..\..\AppData\Roaming\Python\Python314\site-packages\litellm\main.py:639: in acompletion
    raise exception_type(
..\..\AppData\Roaming\Python\Python314\site-packages\litellm\litellm_core_utils\exception_mapping_utils.py:2456: in exception_type
    raise e
..\..\AppData\Roaming\Python\Python314\site-packages\litellm\litellm_core_utils\exception_mapping_utils.py:510: in exception_type
    raise AuthenticationError(
E   litellm.exceptions.AuthenticationError: litellm.AuthenticationError: AuthenticationError: OpenAIException - The api_key client option must be set either by passing api_key to the client or by setting the OPENAI_API_KEY environment variable

During handling of the above exception, another exception occurred:
tests\test_ai_coordinator.py:60: in test_generate_simple_prompt
    result = await service.generate(prompt)
             ^^^^^^^^^^^^^^^^^^^^^^^^^^^^^^
app\services\llm_service.py:212: in generate
    raise HTTPException(status_code=503, detail="AI_SERVICE_UNAVAILABLE")
E   fastapi.exceptions.HTTPException: 503: AI_SERVICE_UNAVAILABLE
---------------------------- Captured stdout call -----------------------------

[1;31mGive Feedback / Get Help: https://github.com/BerriAI/litellm/issues/new[0m
LiteLLM.Info: If you need to debug this error, use `litellm._turn_on_debug()'.


[1;31mGive Feedback / Get Help: https://github.com/BerriAI/litellm/issues/new[0m
LiteLLM.Info: If you need to debug this error, use `litellm._turn_on_debug()'.

---------------------------- Captured stderr call -----------------------------
[92m10:23:15 - LiteLLM:INFO[0m: utils.py:3932 - 
LiteLLM completion() model= llama-3.1-8b-instant; provider = groq
{"timestamp": "2026-03-22 10:23:15,194", "level": "INFO", "message": "\nLiteLLM completion() model= llama-3.1-8b-instant; provider = groq", "name": "LiteLLM"}
{"timestamp": "2026-03-22 10:23:16,714", "level": "WARNING", "message": "Primary model groq/llama-3.1-8b-instant failed: litellm.BadRequestError: GroqException - {\"error\":{\"message\":\"Invalid API Key\",\"type\":\"invalid_request_error\",\"code\":\"invalid_api_key\"}}\n. Trying fallback.", "name": "app.services.llm_service"}
[92m10:23:16 - LiteLLM:INFO[0m: utils.py:3932 - 
LiteLLM completion() model= gpt-4o-mini; provider = openai
{"timestamp": "2026-03-22 10:23:16,723", "level": "INFO", "message": "\nLiteLLM completion() model= gpt-4o-mini; provider = openai", "name": "LiteLLM"}
{"timestamp": "2026-03-22 10:23:16,805", "level": "ERROR", "message": "Fallback model also failed: litellm.AuthenticationError: AuthenticationError: OpenAIException - The api_key client option must be set either by passing api_key to the client or by setting the OPENAI_API_KEY environment variable", "name": "app.services.llm_service"}
------------------------------ Captured log call ------------------------------
INFO     LiteLLM:utils.py:3932 
LiteLLM completion() model= llama-3.1-8b-instant; provider = groq
WARNING  app.services.llm_service:llm_service.py:201 Primary model groq/llama-3.1-8b-instant failed: litellm.BadRequestError: GroqException - {"error":{"message":"Invalid API Key","type":"invalid_request_error","code":"invalid_api_key"}}
. Trying fallback.
INFO     LiteLLM:utils.py:3932 
LiteLLM completion() model= gpt-4o-mini; provider = openai
ERROR    app.services.llm_service:llm_service.py:211 Fallback model also failed: litellm.AuthenticationError: AuthenticationError: OpenAIException - The api_key client option must be set either by passing api_key to the client or by setting the OPENAI_API_KEY environment variable
______________ TestGroqService.test_generate_with_system_prompt _______________
..\..\AppData\Roaming\Python\Python314\site-packages\litellm\llms\custom_httpx\llm_http_handler.py:175: in _make_common_async_call
    response = await async_httpx_client.post(
..\..\AppData\Roaming\Python\Python314\site-packages\litellm\litellm_core_utils\logging_utils.py:297: in async_wrapper
    result = await func(*args, **kwargs)
             ^^^^^^^^^^^^^^^^^^^^^^^^^^^
..\..\AppData\Roaming\Python\Python314\site-packages\litellm\llms\custom_httpx\http_handler.py:513: in post
    raise e
..\..\AppData\Roaming\Python\Python314\site-packages\litellm\llms\custom_httpx\http_handler.py:469: in post
    response.raise_for_status()
..\..\AppData\Roaming\Python\Python314\site-packages\httpx\_models.py:829: in raise_for_status
    raise HTTPStatusError(message, request=request, response=self)
E   httpx.HTTPStatusError: Client error '401 Unauthorized' for url 'https://api.groq.com/openai/v1/chat/completions'
E   For more information check: https://developer.mozilla.org/en-US/docs/Web/HTTP/Status/401

During handling of the above exception, another exception occurred:
..\..\AppData\Roaming\Python\Python314\site-packages\litellm\main.py:620: in acompletion
    response = await init_response
               ^^^^^^^^^^^^^^^^^^^
..\..\AppData\Roaming\Python\Python314\site-packages\litellm\llms\custom_httpx\llm_http_handler.py:307: in async_completion
    response = await self._make_common_async_call(
..\..\AppData\Roaming\Python\Python314\site-packages\litellm\llms\custom_httpx\llm_http_handler.py:200: in _make_common_async_call
    raise self._handle_error(e=e, provider_config=provider_config)
          ^^^^^^^^^^^^^^^^^^^^^^^^^^^^^^^^^^^^^^^^^^^^^^^^^^^^^^^^
..\..\AppData\Roaming\Python\Python314\site-packages\litellm\llms\custom_httpx\llm_http_handler.py:4720: in _handle_error
    raise provider_config.get_error_class(
E   litellm.llms.openai.common_utils.OpenAIError: {"error":{"message":"Invalid API Key","type":"invalid_request_error","code":"invalid_api_key"}}

During handling of the above exception, another exception occurred:
app\services\llm_service.py:181: in generate
    response = await litellm.acompletion(**kwargs)
               ^^^^^^^^^^^^^^^^^^^^^^^^^^^^^^^^^^^
..\..\AppData\Roaming\Python\Python314\site-packages\litellm\utils.py:2072: in wrapper_async
    raise e
..\..\AppData\Roaming\Python\Python314\site-packages\litellm\utils.py:1892: in wrapper_async
    result = await original_function(*args, **kwargs)
             ^^^^^^^^^^^^^^^^^^^^^^^^^^^^^^^^^^^^^^^^
..\..\AppData\Roaming\Python\Python314\site-packages\litellm\main.py:639: in acompletion
    raise exception_type(
..\..\AppData\Roaming\Python\Python314\site-packages\litellm\litellm_core_utils\exception_mapping_utils.py:2456: in exception_type
    raise e
..\..\AppData\Roaming\Python\Python314\site-packages\litellm\litellm_core_utils\exception_mapping_utils.py:478: in exception_type
    raise BadRequestError(
E   litellm.exceptions.BadRequestError: litellm.BadRequestError: GroqException - {"error":{"message":"Invalid API Key","type":"invalid_request_error","code":"invalid_api_key"}}

During handling of the above exception, another exception occurred:
..\..\AppData\Roaming\Python\Python314\site-packages\litellm\llms\openai\openai.py:903: in acompletion
    openai_aclient: AsyncOpenAI = self._get_openai_client(  # type: ignore
..\..\AppData\Roaming\Python\Python314\site-packages\litellm\llms\openai\openai.py:385: in _get_openai_client
    _new_client: Union[OpenAI, AsyncOpenAI] = AsyncOpenAI(
..\..\AppData\Roaming\Python\Python314\site-packages\openai\_client.py:514: in __init__
    raise OpenAIError(
E   openai.OpenAIError: The api_key client option must be set either by passing api_key to the client or by setting the OPENAI_API_KEY environment variable

During handling of the above exception, another exception occurred:
..\..\AppData\Roaming\Python\Python314\site-packages\litellm\main.py:620: in acompletion
    response = await init_response
               ^^^^^^^^^^^^^^^^^^^
..\..\AppData\Roaming\Python\Python314\site-packages\litellm\llms\openai\openai.py:989: in acompletion
    raise OpenAIError(
E   litellm.llms.openai.common_utils.OpenAIError: The api_key client option must be set either by passing api_key to the client or by setting the OPENAI_API_KEY environment variable

During handling of the above exception, another exception occurred:
app\services\llm_service.py:208: in generate
    fallback_res = await litellm.acompletion(**kwargs)
                   ^^^^^^^^^^^^^^^^^^^^^^^^^^^^^^^^^^^
..\..\AppData\Roaming\Python\Python314\site-packages\litellm\utils.py:2072: in wrapper_async
    raise e
..\..\AppData\Roaming\Python\Python314\site-packages\litellm\utils.py:1892: in wrapper_async
    result = await original_function(*args, **kwargs)
             ^^^^^^^^^^^^^^^^^^^^^^^^^^^^^^^^^^^^^^^^
..\..\AppData\Roaming\Python\Python314\site-packages\litellm\main.py:639: in acompletion
    raise exception_type(
..\..\AppData\Roaming\Python\Python314\site-packages\litellm\litellm_core_utils\exception_mapping_utils.py:2456: in exception_type
    raise e
..\..\AppData\Roaming\Python\Python314\site-packages\litellm\litellm_core_utils\exception_mapping_utils.py:510: in exception_type
    raise AuthenticationError(
E   litellm.exceptions.AuthenticationError: litellm.AuthenticationError: AuthenticationError: OpenAIException - The api_key client option must be set either by passing api_key to the client or by setting the OPENAI_API_KEY environment variable

During handling of the above exception, another exception occurred:
tests\test_ai_coordinator.py:75: in test_generate_with_system_prompt
    result = await service.generate(prompt, system_prompt=system_prompt)
             ^^^^^^^^^^^^^^^^^^^^^^^^^^^^^^^^^^^^^^^^^^^^^^^^^^^^^^^^^^^
app\services\llm_service.py:212: in generate
    raise HTTPException(status_code=503, detail="AI_SERVICE_UNAVAILABLE")
E   fastapi.exceptions.HTTPException: 503: AI_SERVICE_UNAVAILABLE
---------------------------- Captured stdout call -----------------------------

[1;31mGive Feedback / Get Help: https://github.com/BerriAI/litellm/issues/new[0m
LiteLLM.Info: If you need to debug this error, use `litellm._turn_on_debug()'.


[1;31mGive Feedback / Get Help: https://github.com/BerriAI/litellm/issues/new[0m
LiteLLM.Info: If you need to debug this error, use `litellm._turn_on_debug()'.

---------------------------- Captured stderr call -----------------------------
[92m10:23:22 - LiteLLM:INFO[0m: utils.py:3932 - 
LiteLLM completion() model= llama-3.1-8b-instant; provider = groq
{"timestamp": "2026-03-22 10:23:22,439", "level": "INFO", "message": "\nLiteLLM completion() model= llama-3.1-8b-instant; provider = groq", "name": "LiteLLM"}
{"timestamp": "2026-03-22 10:23:22,967", "level": "WARNING", "message": "Primary model groq/llama-3.1-8b-instant failed: litellm.BadRequestError: GroqException - {\"error\":{\"message\":\"Invalid API Key\",\"type\":\"invalid_request_error\",\"code\":\"invalid_api_key\"}}\n. Trying fallback.", "name": "app.services.llm_service"}
[92m10:23:22 - LiteLLM:INFO[0m: utils.py:3932 - 
LiteLLM completion() model= gpt-4o-mini; provider = openai
{"timestamp": "2026-03-22 10:23:22,972", "level": "INFO", "message": "\nLiteLLM completion() model= gpt-4o-mini; provider = openai", "name": "LiteLLM"}
{"timestamp": "2026-03-22 10:23:23,069", "level": "ERROR", "message": "Fallback model also failed: litellm.AuthenticationError: AuthenticationError: OpenAIException - The api_key client option must be set either by passing api_key to the client or by setting the OPENAI_API_KEY environment variable", "name": "app.services.llm_service"}
------------------------------ Captured log call ------------------------------
INFO     LiteLLM:utils.py:3932 
LiteLLM completion() model= llama-3.1-8b-instant; provider = groq
WARNING  app.services.llm_service:llm_service.py:201 Primary model groq/llama-3.1-8b-instant failed: litellm.BadRequestError: GroqException - {"error":{"message":"Invalid API Key","type":"invalid_request_error","code":"invalid_api_key"}}
. Trying fallback.
INFO     LiteLLM:utils.py:3932 
LiteLLM completion() model= gpt-4o-mini; provider = openai
ERROR    app.services.llm_service:llm_service.py:211 Fallback model also failed: litellm.AuthenticationError: AuthenticationError: OpenAIException - The api_key client option must be set either by passing api_key to the client or by setting the OPENAI_API_KEY environment variable
________________ TestGroqService.test_generate_with_parameters ________________
..\..\AppData\Roaming\Python\Python314\site-packages\litellm\llms\custom_httpx\llm_http_handler.py:175: in _make_common_async_call
    response = await async_httpx_client.post(
..\..\AppData\Roaming\Python\Python314\site-packages\litellm\litellm_core_utils\logging_utils.py:297: in async_wrapper
    result = await func(*args, **kwargs)
             ^^^^^^^^^^^^^^^^^^^^^^^^^^^
..\..\AppData\Roaming\Python\Python314\site-packages\litellm\llms\custom_httpx\http_handler.py:513: in post
    raise e
..\..\AppData\Roaming\Python\Python314\site-packages\litellm\llms\custom_httpx\http_handler.py:469: in post
    response.raise_for_status()
..\..\AppData\Roaming\Python\Python314\site-packages\httpx\_models.py:829: in raise_for_status
    raise HTTPStatusError(message, request=request, response=self)
E   httpx.HTTPStatusError: Client error '401 Unauthorized' for url 'https://api.groq.com/openai/v1/chat/completions'
E   For more information check: https://developer.mozilla.org/en-US/docs/Web/HTTP/Status/401

During handling of the above exception, another exception occurred:
..\..\AppData\Roaming\Python\Python314\site-packages\litellm\main.py:620: in acompletion
    response = await init_response
               ^^^^^^^^^^^^^^^^^^^
..\..\AppData\Roaming\Python\Python314\site-packages\litellm\llms\custom_httpx\llm_http_handler.py:307: in async_completion
    response = await self._make_common_async_call(
..\..\AppData\Roaming\Python\Python314\site-packages\litellm\llms\custom_httpx\llm_http_handler.py:200: in _make_common_async_call
    raise self._handle_error(e=e, provider_config=provider_config)
          ^^^^^^^^^^^^^^^^^^^^^^^^^^^^^^^^^^^^^^^^^^^^^^^^^^^^^^^^
..\..\AppData\Roaming\Python\Python314\site-packages\litellm\llms\custom_httpx\llm_http_handler.py:4720: in _handle_error
    raise provider_config.get_error_class(
E   litellm.llms.openai.common_utils.OpenAIError: {"error":{"message":"Invalid API Key","type":"invalid_request_error","code":"invalid_api_key"}}

During handling of the above exception, another exception occurred:
app\services\llm_service.py:181: in generate
    response = await litellm.acompletion(**kwargs)
               ^^^^^^^^^^^^^^^^^^^^^^^^^^^^^^^^^^^
..\..\AppData\Roaming\Python\Python314\site-packages\litellm\utils.py:2072: in wrapper_async
    raise e
..\..\AppData\Roaming\Python\Python314\site-packages\litellm\utils.py:1892: in wrapper_async
    result = await original_function(*args, **kwargs)
             ^^^^^^^^^^^^^^^^^^^^^^^^^^^^^^^^^^^^^^^^
..\..\AppData\Roaming\Python\Python314\site-packages\litellm\main.py:639: in acompletion
    raise exception_type(
..\..\AppData\Roaming\Python\Python314\site-packages\litellm\litellm_core_utils\exception_mapping_utils.py:2456: in exception_type
    raise e
..\..\AppData\Roaming\Python\Python314\site-packages\litellm\litellm_core_utils\exception_mapping_utils.py:478: in exception_type
    raise BadRequestError(
E   litellm.exceptions.BadRequestError: litellm.BadRequestError: GroqException - {"error":{"message":"Invalid API Key","type":"invalid_request_error","code":"invalid_api_key"}}

During handling of the above exception, another exception occurred:
..\..\AppData\Roaming\Python\Python314\site-packages\litellm\llms\openai\openai.py:903: in acompletion
    openai_aclient: AsyncOpenAI = self._get_openai_client(  # type: ignore
..\..\AppData\Roaming\Python\Python314\site-packages\litellm\llms\openai\openai.py:385: in _get_openai_client
    _new_client: Union[OpenAI, AsyncOpenAI] = AsyncOpenAI(
..\..\AppData\Roaming\Python\Python314\site-packages\openai\_client.py:514: in __init__
    raise OpenAIError(
E   openai.OpenAIError: The api_key client option must be set either by passing api_key to the client or by setting the OPENAI_API_KEY environment variable

During handling of the above exception, another exception occurred:
..\..\AppData\Roaming\Python\Python314\site-packages\litellm\main.py:620: in acompletion
    response = await init_response
               ^^^^^^^^^^^^^^^^^^^
..\..\AppData\Roaming\Python\Python314\site-packages\litellm\llms\openai\openai.py:989: in acompletion
    raise OpenAIError(
E   litellm.llms.openai.common_utils.OpenAIError: The api_key client option must be set either by passing api_key to the client or by setting the OPENAI_API_KEY environment variable

During handling of the above exception, another exception occurred:
app\services\llm_service.py:208: in generate
    fallback_res = await litellm.acompletion(**kwargs)
                   ^^^^^^^^^^^^^^^^^^^^^^^^^^^^^^^^^^^
..\..\AppData\Roaming\Python\Python314\site-packages\litellm\utils.py:2072: in wrapper_async
    raise e
..\..\AppData\Roaming\Python\Python314\site-packages\litellm\utils.py:1892: in wrapper_async
    result = await original_function(*args, **kwargs)
             ^^^^^^^^^^^^^^^^^^^^^^^^^^^^^^^^^^^^^^^^
..\..\AppData\Roaming\Python\Python314\site-packages\litellm\main.py:639: in acompletion
    raise exception_type(
..\..\AppData\Roaming\Python\Python314\site-packages\litellm\litellm_core_utils\exception_mapping_utils.py:2456: in exception_type
    raise e
..\..\AppData\Roaming\Python\Python314\site-packages\litellm\litellm_core_utils\exception_mapping_utils.py:510: in exception_type
    raise AuthenticationError(
E   litellm.exceptions.AuthenticationError: litellm.AuthenticationError: AuthenticationError: OpenAIException - The api_key client option must be set either by passing api_key to the client or by setting the OPENAI_API_KEY environment variable

During handling of the above exception, another exception occurred:
tests\test_ai_coordinator.py:88: in test_generate_with_parameters
    result = await service.generate(
app\services\llm_service.py:212: in generate
    raise HTTPException(status_code=503, detail="AI_SERVICE_UNAVAILABLE")
E   fastapi.exceptions.HTTPException: 503: AI_SERVICE_UNAVAILABLE
---------------------------- Captured stdout call -----------------------------

[1;31mGive Feedback / Get Help: https://github.com/BerriAI/litellm/issues/new[0m
LiteLLM.Info: If you need to debug this error, use `litellm._turn_on_debug()'.


[1;31mGive Feedback / Get Help: https://github.com/BerriAI/litellm/issues/new[0m
LiteLLM.Info: If you need to debug this error, use `litellm._turn_on_debug()'.

---------------------------- Captured stderr call -----------------------------
[92m10:23:26 - LiteLLM:INFO[0m: utils.py:3932 - 
LiteLLM completion() model= llama-3.1-8b-instant; provider = groq
{"timestamp": "2026-03-22 10:23:26,981", "level": "INFO", "message": "\nLiteLLM completion() model= llama-3.1-8b-instant; provider = groq", "name": "LiteLLM"}
{"timestamp": "2026-03-22 10:23:27,651", "level": "WARNING", "message": "Primary model groq/llama-3.1-8b-instant failed: litellm.BadRequestError: GroqException - {\"error\":{\"message\":\"Invalid API Key\",\"type\":\"invalid_request_error\",\"code\":\"invalid_api_key\"}}\n. Trying fallback.", "name": "app.services.llm_service"}
[92m10:23:27 - LiteLLM:INFO[0m: utils.py:3932 - 
LiteLLM completion() model= gpt-4o-mini; provider = openai
{"timestamp": "2026-03-22 10:23:27,652", "level": "INFO", "message": "\nLiteLLM completion() model= gpt-4o-mini; provider = openai", "name": "LiteLLM"}
{"timestamp": "2026-03-22 10:23:27,684", "level": "ERROR", "message": "Fallback model also failed: litellm.AuthenticationError: AuthenticationError: OpenAIException - The api_key client option must be set either by passing api_key to the client or by setting the OPENAI_API_KEY environment variable", "name": "app.services.llm_service"}
------------------------------ Captured log call ------------------------------
INFO     LiteLLM:utils.py:3932 
LiteLLM completion() model= llama-3.1-8b-instant; provider = groq
WARNING  app.services.llm_service:llm_service.py:201 Primary model groq/llama-3.1-8b-instant failed: litellm.BadRequestError: GroqException - {"error":{"message":"Invalid API Key","type":"invalid_request_error","code":"invalid_api_key"}}
. Trying fallback.
INFO     LiteLLM:utils.py:3932 
LiteLLM completion() model= gpt-4o-mini; provider = openai
ERROR    app.services.llm_service:llm_service.py:211 Fallback model also failed: litellm.AuthenticationError: AuthenticationError: OpenAIException - The api_key client option must be set either by passing api_key to the client or by setting the OPENAI_API_KEY environment variable
____________________ TestYouTubeService.test_search_videos ____________________
tests\test_ai_coordinator.py:119: in test_search_videos
    assert len(videos) == 3
E   assert 0 == 3
E    +  where 0 = len([])
_______ TestAICoordinator.test_process_teacher_speech_with_explanation ________
..\..\AppData\Roaming\Python\Python314\site-packages\litellm\llms\custom_httpx\llm_http_handler.py:175: in _make_common_async_call
    response = await async_httpx_client.post(
..\..\AppData\Roaming\Python\Python314\site-packages\litellm\litellm_core_utils\logging_utils.py:297: in async_wrapper
    result = await func(*args, **kwargs)
             ^^^^^^^^^^^^^^^^^^^^^^^^^^^
..\..\AppData\Roaming\Python\Python314\site-packages\litellm\llms\custom_httpx\http_handler.py:513: in post
    raise e
..\..\AppData\Roaming\Python\Python314\site-packages\litellm\llms\custom_httpx\http_handler.py:469: in post
    response.raise_for_status()
..\..\AppData\Roaming\Python\Python314\site-packages\httpx\_models.py:829: in raise_for_status
    raise HTTPStatusError(message, request=request, response=self)
E   httpx.HTTPStatusError: Client error '401 Unauthorized' for url 'https://api.groq.com/openai/v1/chat/completions'
E   For more information check: https://developer.mozilla.org/en-US/docs/Web/HTTP/Status/401

During handling of the above exception, another exception occurred:
..\..\AppData\Roaming\Python\Python314\site-packages\litellm\main.py:620: in acompletion
    response = await init_response
               ^^^^^^^^^^^^^^^^^^^
..\..\AppData\Roaming\Python\Python314\site-packages\litellm\llms\custom_httpx\llm_http_handler.py:307: in async_completion
    response = await self._make_common_async_call(
..\..\AppData\Roaming\Python\Python314\site-packages\litellm\llms\custom_httpx\llm_http_handler.py:200: in _make_common_async_call
    raise self._handle_error(e=e, provider_config=provider_config)
          ^^^^^^^^^^^^^^^^^^^^^^^^^^^^^^^^^^^^^^^^^^^^^^^^^^^^^^^^
..\..\AppData\Roaming\Python\Python314\site-packages\litellm\llms\custom_httpx\llm_http_handler.py:4720: in _handle_error
    raise provider_config.get_error_class(
E   litellm.llms.openai.common_utils.OpenAIError: {"error":{"message":"Invalid API Key","type":"invalid_request_error","code":"invalid_api_key"}}

During handling of the above exception, another exception occurred:
app\services\llm_service.py:181: in generate
    response = await litellm.acompletion(**kwargs)
               ^^^^^^^^^^^^^^^^^^^^^^^^^^^^^^^^^^^
..\..\AppData\Roaming\Python\Python314\site-packages\litellm\utils.py:2072: in wrapper_async
    raise e
..\..\AppData\Roaming\Python\Python314\site-packages\litellm\utils.py:1892: in wrapper_async
    result = await original_function(*args, **kwargs)
             ^^^^^^^^^^^^^^^^^^^^^^^^^^^^^^^^^^^^^^^^
..\..\AppData\Roaming\Python\Python314\site-packages\litellm\main.py:639: in acompletion
    raise exception_type(
..\..\AppData\Roaming\Python\Python314\site-packages\litellm\litellm_core_utils\exception_mapping_utils.py:2456: in exception_type
    raise e
..\..\AppData\Roaming\Python\Python314\site-packages\litellm\litellm_core_utils\exception_mapping_utils.py:478: in exception_type
    raise BadRequestError(
E   litellm.exceptions.BadRequestError: litellm.BadRequestError: GroqException - {"error":{"message":"Invalid API Key","type":"invalid_request_error","code":"invalid_api_key"}}

During handling of the above exception, another exception occurred:
..\..\AppData\Roaming\Python\Python314\site-packages\litellm\llms\openai\openai.py:903: in acompletion
    openai_aclient: AsyncOpenAI = self._get_openai_client(  # type: ignore
..\..\AppData\Roaming\Python\Python314\site-packages\litellm\llms\openai\openai.py:385: in _get_openai_client
    _new_client: Union[OpenAI, AsyncOpenAI] = AsyncOpenAI(
..\..\AppData\Roaming\Python\Python314\site-packages\openai\_client.py:514: in __init__
    raise OpenAIError(
E   openai.OpenAIError: The api_key client option must be set either by passing api_key to the client or by setting the OPENAI_API_KEY environment variable

During handling of the above exception, another exception occurred:
..\..\AppData\Roaming\Python\Python314\site-packages\litellm\main.py:620: in acompletion
    response = await init_response
               ^^^^^^^^^^^^^^^^^^^
..\..\AppData\Roaming\Python\Python314\site-packages\litellm\llms\openai\openai.py:989: in acompletion
    raise OpenAIError(
E   litellm.llms.openai.common_utils.OpenAIError: The api_key client option must be set either by passing api_key to the client or by setting the OPENAI_API_KEY environment variable

During handling of the above exception, another exception occurred:
app\services\llm_service.py:208: in generate
    fallback_res = await litellm.acompletion(**kwargs)
                   ^^^^^^^^^^^^^^^^^^^^^^^^^^^^^^^^^^^
..\..\AppData\Roaming\Python\Python314\site-packages\litellm\utils.py:2072: in wrapper_async
    raise e
..\..\AppData\Roaming\Python\Python314\site-packages\litellm\utils.py:1892: in wrapper_async
    result = await original_function(*args, **kwargs)
             ^^^^^^^^^^^^^^^^^^^^^^^^^^^^^^^^^^^^^^^^
..\..\AppData\Roaming\Python\Python314\site-packages\litellm\main.py:639: in acompletion
    raise exception_type(
..\..\AppData\Roaming\Python\Python314\site-packages\litellm\litellm_core_utils\exception_mapping_utils.py:2456: in exception_type
    raise e
..\..\AppData\Roaming\Python\Python314\site-packages\litellm\litellm_core_utils\exception_mapping_utils.py:510: in exception_type
    raise AuthenticationError(
E   litellm.exceptions.AuthenticationError: litellm.AuthenticationError: AuthenticationError: OpenAIException - The api_key client option must be set either by passing api_key to the client or by setting the OPENAI_API_KEY environment variable

During handling of the above exception, another exception occurred:
tests\test_ai_coordinator.py:169: in test_process_teacher_speech_with_explanation
    result = await coordinator.process_teacher_speech(mock_session, audio_data)
             ^^^^^^^^^^^^^^^^^^^^^^^^^^^^^^^^^^^^^^^^^^^^^^^^^^^^^^^^^^^^^^^^^^
app\services\ai_coordinator.py:284: in process_teacher_speech
    complexity_score = await self._analyze_complexity(
app\services\ai_coordinator.py:434: in _analyze_complexity
    result = await self.llm.generate(prompt, max_tokens=10)
             ^^^^^^^^^^^^^^^^^^^^^^^^^^^^^^^^^^^^^^^^^^^^^^
app\services\llm_service.py:212: in generate
    raise HTTPException(status_code=503, detail="AI_SERVICE_UNAVAILABLE")
E   fastapi.exceptions.HTTPException: 503: AI_SERVICE_UNAVAILABLE
---------------------------- Captured stdout call -----------------------------

[1;31mGive Feedback / Get Help: https://github.com/BerriAI/litellm/issues/new[0m
LiteLLM.Info: If you need to debug this error, use `litellm._turn_on_debug()'.


[1;31mGive Feedback / Get Help: https://github.com/BerriAI/litellm/issues/new[0m
LiteLLM.Info: If you need to debug this error, use `litellm._turn_on_debug()'.

---------------------------- Captured stderr call -----------------------------
{"timestamp": "2026-03-22 10:23:31,863", "level": "INFO", "message": "WhisperService initialized with model: base", "name": "app.services.ai_coordinator"}
[92m10:23:31 - LiteLLM:INFO[0m: utils.py:3932 - 
LiteLLM completion() model= llama-3.1-8b-instant; provider = groq
{"timestamp": "2026-03-22 10:23:31,969", "level": "INFO", "message": "\nLiteLLM completion() model= llama-3.1-8b-instant; provider = groq", "name": "LiteLLM"}
{"timestamp": "2026-03-22 10:23:32,517", "level": "WARNING", "message": "Primary model groq/llama-3.1-8b-instant failed: litellm.BadRequestError: GroqException - {\"error\":{\"message\":\"Invalid API Key\",\"type\":\"invalid_request_error\",\"code\":\"invalid_api_key\"}}\n. Trying fallback.", "name": "app.services.llm_service"}
[92m10:23:32 - LiteLLM:INFO[0m: utils.py:3932 - 
LiteLLM completion() model= gpt-4o-mini; provider = openai
{"timestamp": "2026-03-22 10:23:32,521", "level": "INFO", "message": "\nLiteLLM completion() model= gpt-4o-mini; provider = openai", "name": "LiteLLM"}
{"timestamp": "2026-03-22 10:23:32,596", "level": "ERROR", "message": "Fallback model also failed: litellm.AuthenticationError: AuthenticationError: OpenAIException - The api_key client option must be set either by passing api_key to the client or by setting the OPENAI_API_KEY environment variable", "name": "app.services.llm_service"}
------------------------------ Captured log call ------------------------------
INFO     app.services.ai_coordinator:ai_coordinator.py:106 WhisperService initialized with model: base
INFO     LiteLLM:utils.py:3932 
LiteLLM completion() model= llama-3.1-8b-instant; provider = groq
WARNING  app.services.llm_service:llm_service.py:201 Primary model groq/llama-3.1-8b-instant failed: litellm.BadRequestError: GroqException - {"error":{"message":"Invalid API Key","type":"invalid_request_error","code":"invalid_api_key"}}
. Trying fallback.
INFO     LiteLLM:utils.py:3932 
LiteLLM completion() model= gpt-4o-mini; provider = openai
ERROR    app.services.llm_service:llm_service.py:211 Fallback model also failed: litellm.AuthenticationError: AuthenticationError: OpenAIException - The api_key client option must be set either by passing api_key to the client or by setting the OPENAI_API_KEY environment variable
_________________ TestAICoordinator.test_generate_explanation _________________
app\services\llm_service.py:160: in generate
    if use_model == "llama-3.1-8b-instant" or use_model == self.model:
                                                           ^^^^^^^^^^
E   AttributeError: 'LLMService' object has no attribute 'model'

During handling of the above exception, another exception occurred:
tests\test_ai_coordinator.py:205: in test_generate_explanation
    explanation = await coordinator.generate_explanation(
app\services\ai_coordinator.py:365: in generate_explanation
    content = await self.llm.generate(
app\services\llm_service.py:218: in generate
    raise HTTPException(status_code=503, detail="AI_SERVICE_UNAVAILABLE")
E   fastapi.exceptions.HTTPException: 503: AI_SERVICE_UNAVAILABLE
---------------------------- Captured stderr call -----------------------------
{"timestamp": "2026-03-22 10:23:36,829", "level": "INFO", "message": "WhisperService initialized with model: base", "name": "app.services.ai_coordinator"}
{"timestamp": "2026-03-22 10:23:36,831", "level": "ERROR", "message": "LLM error in generate: 'LLMService' object has no attribute 'model'", "name": "app.services.llm_service", "exception": "Traceback (most recent call last):\n  File \"C:\\Users\\Tommie-YV\\edunexus\\backend\\app\\services\\llm_service.py\", line 160, in generate\n    if use_model == \"llama-3.1-8b-instant\" or use_model == self.model:\n                                                           ^^^^^^^^^^\nAttributeError: 'LLMService' object has no attribute 'model'"}
------------------------------ Captured log call ------------------------------
INFO     app.services.ai_coordinator:ai_coordinator.py:106 WhisperService initialized with model: base
ERROR    app.services.llm_service:llm_service.py:217 LLM error in generate: 'LLMService' object has no attribute 'model'
Traceback (most recent call last):
  File "C:\Users\Tommie-YV\edunexus\backend\app\services\llm_service.py", line 160, in generate
    if use_model == "llama-3.1-8b-instant" or use_model == self.model:
                                                           ^^^^^^^^^^
AttributeError: 'LLMService' object has no attribute 'model'
______ TestAICoordinator.test_generate_explanation_with_personalization _______
app\services\llm_service.py:160: in generate
    if use_model == "llama-3.1-8b-instant" or use_model == self.model:
                                                           ^^^^^^^^^^
E   AttributeError: 'LLMService' object has no attribute 'model'

During handling of the above exception, another exception occurred:
tests\test_ai_coordinator.py:228: in test_generate_explanation_with_personalization
    explanation = await coordinator.generate_explanation(
app\services\ai_coordinator.py:365: in generate_explanation
    content = await self.llm.generate(
app\services\llm_service.py:218: in generate
    raise HTTPException(status_code=503, detail="AI_SERVICE_UNAVAILABLE")
E   fastapi.exceptions.HTTPException: 503: AI_SERVICE_UNAVAILABLE
---------------------------- Captured stderr call -----------------------------
{"timestamp": "2026-03-22 10:23:36,949", "level": "INFO", "message": "WhisperService initialized with model: base", "name": "app.services.ai_coordinator"}
{"timestamp": "2026-03-22 10:23:36,950", "level": "ERROR", "message": "LLM error in generate: 'LLMService' object has no attribute 'model'", "name": "app.services.llm_service", "exception": "Traceback (most recent call last):\n  File \"C:\\Users\\Tommie-YV\\edunexus\\backend\\app\\services\\llm_service.py\", line 160, in generate\n    if use_model == \"llama-3.1-8b-instant\" or use_model == self.model:\n                                                           ^^^^^^^^^^\nAttributeError: 'LLMService' object has no attribute 'model'"}
------------------------------ Captured log call ------------------------------
INFO     app.services.ai_coordinator:ai_coordinator.py:106 WhisperService initialized with model: base
ERROR    app.services.llm_service:llm_service.py:217 LLM error in generate: 'LLMService' object has no attribute 'model'
Traceback (most recent call last):
  File "C:\Users\Tommie-YV\edunexus\backend\app\services\llm_service.py", line 160, in generate
    if use_model == "llama-3.1-8b-instant" or use_model == self.model:
                                                           ^^^^^^^^^^
AttributeError: 'LLMService' object has no attribute 'model'
__________________ TestAICoordinator.test_analyze_complexity __________________
..\..\AppData\Roaming\Python\Python314\site-packages\litellm\llms\custom_httpx\llm_http_handler.py:175: in _make_common_async_call
    response = await async_httpx_client.post(
..\..\AppData\Roaming\Python\Python314\site-packages\litellm\litellm_core_utils\logging_utils.py:297: in async_wrapper
    result = await func(*args, **kwargs)
             ^^^^^^^^^^^^^^^^^^^^^^^^^^^
..\..\AppData\Roaming\Python\Python314\site-packages\litellm\llms\custom_httpx\http_handler.py:513: in post
    raise e
..\..\AppData\Roaming\Python\Python314\site-packages\litellm\llms\custom_httpx\http_handler.py:469: in post
    response.raise_for_status()
..\..\AppData\Roaming\Python\Python314\site-packages\httpx\_models.py:829: in raise_for_status
    raise HTTPStatusError(message, request=request, response=self)
E   httpx.HTTPStatusError: Client error '401 Unauthorized' for url 'https://api.groq.com/openai/v1/chat/completions'
E   For more information check: https://developer.mozilla.org/en-US/docs/Web/HTTP/Status/401

During handling of the above exception, another exception occurred:
..\..\AppData\Roaming\Python\Python314\site-packages\litellm\main.py:620: in acompletion
    response = await init_response
               ^^^^^^^^^^^^^^^^^^^
..\..\AppData\Roaming\Python\Python314\site-packages\litellm\llms\custom_httpx\llm_http_handler.py:307: in async_completion
    response = await self._make_common_async_call(
..\..\AppData\Roaming\Python\Python314\site-packages\litellm\llms\custom_httpx\llm_http_handler.py:200: in _make_common_async_call
    raise self._handle_error(e=e, provider_config=provider_config)
          ^^^^^^^^^^^^^^^^^^^^^^^^^^^^^^^^^^^^^^^^^^^^^^^^^^^^^^^^
..\..\AppData\Roaming\Python\Python314\site-packages\litellm\llms\custom_httpx\llm_http_handler.py:4720: in _handle_error
    raise provider_config.get_error_class(
E   litellm.llms.openai.common_utils.OpenAIError: {"error":{"message":"Invalid API Key","type":"invalid_request_error","code":"invalid_api_key"}}

During handling of the above exception, another exception occurred:
app\services\llm_service.py:181: in generate
    response = await litellm.acompletion(**kwargs)
               ^^^^^^^^^^^^^^^^^^^^^^^^^^^^^^^^^^^
..\..\AppData\Roaming\Python\Python314\site-packages\litellm\utils.py:2072: in wrapper_async
    raise e
..\..\AppData\Roaming\Python\Python314\site-packages\litellm\utils.py:1892: in wrapper_async
    result = await original_function(*args, **kwargs)
             ^^^^^^^^^^^^^^^^^^^^^^^^^^^^^^^^^^^^^^^^
..\..\AppData\Roaming\Python\Python314\site-packages\litellm\main.py:639: in acompletion
    raise exception_type(
..\..\AppData\Roaming\Python\Python314\site-packages\litellm\litellm_core_utils\exception_mapping_utils.py:2456: in exception_type
    raise e
..\..\AppData\Roaming\Python\Python314\site-packages\litellm\litellm_core_utils\exception_mapping_utils.py:478: in exception_type
    raise BadRequestError(
E   litellm.exceptions.BadRequestError: litellm.BadRequestError: GroqException - {"error":{"message":"Invalid API Key","type":"invalid_request_error","code":"invalid_api_key"}}

During handling of the above exception, another exception occurred:
..\..\AppData\Roaming\Python\Python314\site-packages\litellm\llms\openai\openai.py:903: in acompletion
    openai_aclient: AsyncOpenAI = self._get_openai_client(  # type: ignore
..\..\AppData\Roaming\Python\Python314\site-packages\litellm\llms\openai\openai.py:385: in _get_openai_client
    _new_client: Union[OpenAI, AsyncOpenAI] = AsyncOpenAI(
..\..\AppData\Roaming\Python\Python314\site-packages\openai\_client.py:514: in __init__
    raise OpenAIError(
E   openai.OpenAIError: The api_key client option must be set either by passing api_key to the client or by setting the OPENAI_API_KEY environment variable

During handling of the above exception, another exception occurred:
..\..\AppData\Roaming\Python\Python314\site-packages\litellm\main.py:620: in acompletion
    response = await init_response
               ^^^^^^^^^^^^^^^^^^^
..\..\AppData\Roaming\Python\Python314\site-packages\litellm\llms\openai\openai.py:989: in acompletion
    raise OpenAIError(
E   litellm.llms.openai.common_utils.OpenAIError: The api_key client option must be set either by passing api_key to the client or by setting the OPENAI_API_KEY environment variable

During handling of the above exception, another exception occurred:
app\services\llm_service.py:208: in generate
    fallback_res = await litellm.acompletion(**kwargs)
                   ^^^^^^^^^^^^^^^^^^^^^^^^^^^^^^^^^^^
..\..\AppData\Roaming\Python\Python314\site-packages\litellm\utils.py:2072: in wrapper_async
    raise e
..\..\AppData\Roaming\Python\Python314\site-packages\litellm\utils.py:1892: in wrapper_async
    result = await original_function(*args, **kwargs)
             ^^^^^^^^^^^^^^^^^^^^^^^^^^^^^^^^^^^^^^^^
..\..\AppData\Roaming\Python\Python314\site-packages\litellm\main.py:639: in acompletion
    raise exception_type(
..\..\AppData\Roaming\Python\Python314\site-packages\litellm\litellm_core_utils\exception_mapping_utils.py:2456: in exception_type
    raise e
..\..\AppData\Roaming\Python\Python314\site-packages\litellm\litellm_core_utils\exception_mapping_utils.py:510: in exception_type
    raise AuthenticationError(
E   litellm.exceptions.AuthenticationError: litellm.AuthenticationError: AuthenticationError: OpenAIException - The api_key client option must be set either by passing api_key to the client or by setting the OPENAI_API_KEY environment variable

During handling of the above exception, another exception occurred:
tests\test_ai_coordinator.py:246: in test_analyze_complexity
    simple_score = await coordinator._analyze_complexity(
app\services\ai_coordinator.py:434: in _analyze_complexity
    result = await self.llm.generate(prompt, max_tokens=10)
             ^^^^^^^^^^^^^^^^^^^^^^^^^^^^^^^^^^^^^^^^^^^^^^
app\services\llm_service.py:212: in generate
    raise HTTPException(status_code=503, detail="AI_SERVICE_UNAVAILABLE")
E   fastapi.exceptions.HTTPException: 503: AI_SERVICE_UNAVAILABLE
---------------------------- Captured stdout call -----------------------------

[1;31mGive Feedback / Get Help: https://github.com/BerriAI/litellm/issues/new[0m
LiteLLM.Info: If you need to debug this error, use `litellm._turn_on_debug()'.


[1;31mGive Feedback / Get Help: https://github.com/BerriAI/litellm/issues/new[0m
LiteLLM.Info: If you need to debug this error, use `litellm._turn_on_debug()'.

---------------------------- Captured stderr call -----------------------------
{"timestamp": "2026-03-22 10:23:37,125", "level": "INFO", "message": "WhisperService initialized with model: base", "name": "app.services.ai_coordinator"}
[92m10:23:37 - LiteLLM:INFO[0m: utils.py:3932 - 
LiteLLM completion() model= llama-3.1-8b-instant; provider = groq
{"timestamp": "2026-03-22 10:23:37,128", "level": "INFO", "message": "\nLiteLLM completion() model= llama-3.1-8b-instant; provider = groq", "name": "LiteLLM"}
{"timestamp": "2026-03-22 10:23:37,899", "level": "WARNING", "message": "Primary model groq/llama-3.1-8b-instant failed: litellm.BadRequestError: GroqException - {\"error\":{\"message\":\"Invalid API Key\",\"type\":\"invalid_request_error\",\"code\":\"invalid_api_key\"}}\n. Trying fallback.", "name": "app.services.llm_service"}
[92m10:23:37 - LiteLLM:INFO[0m: utils.py:3932 - 
LiteLLM completion() model= gpt-4o-mini; provider = openai
{"timestamp": "2026-03-22 10:23:37,902", "level": "INFO", "message": "\nLiteLLM completion() model= gpt-4o-mini; provider = openai", "name": "LiteLLM"}
{"timestamp": "2026-03-22 10:23:37,963", "level": "ERROR", "message": "Fallback model also failed: litellm.AuthenticationError: AuthenticationError: OpenAIException - The api_key client option must be set either by passing api_key to the client or by setting the OPENAI_API_KEY environment variable", "name": "app.services.llm_service"}
------------------------------ Captured log call ------------------------------
INFO     app.services.ai_coordinator:ai_coordinator.py:106 WhisperService initialized with model: base
INFO     LiteLLM:utils.py:3932 
LiteLLM completion() model= llama-3.1-8b-instant; provider = groq
WARNING  app.services.llm_service:llm_service.py:201 Primary model groq/llama-3.1-8b-instant failed: litellm.BadRequestError: GroqException - {"error":{"message":"Invalid API Key","type":"invalid_request_error","code":"invalid_api_key"}}
. Trying fallback.
INFO     LiteLLM:utils.py:3932 
LiteLLM completion() model= gpt-4o-mini; provider = openai
ERROR    app.services.llm_service:llm_service.py:211 Fallback model also failed: litellm.AuthenticationError: AuthenticationError: OpenAIException - The api_key client option must be set either by passing api_key to the client or by setting the OPENAI_API_KEY environment variable
____________________ TestAICoordinator.test_suggest_videos ____________________
tests\test_ai_coordinator.py:274: in test_suggest_videos
    assert len(videos) > 0
E   assert 0 > 0
E    +  where 0 = len([])
---------------------------- Captured stderr call -----------------------------
{"timestamp": "2026-03-22 10:23:43,328", "level": "INFO", "message": "WhisperService initialized with model: base", "name": "app.services.ai_coordinator"}
------------------------------ Captured log call ------------------------------
INFO     app.services.ai_coordinator:ai_coordinator.py:106 WhisperService initialized with model: base
___________ TestExplanationTypes.test_concept_breakdown_explanation ___________
app\services\llm_service.py:160: in generate
    if use_model == "llama-3.1-8b-instant" or use_model == self.model:
                                                           ^^^^^^^^^^
E   AttributeError: 'LLMService' object has no attribute 'model'

During handling of the above exception, another exception occurred:
tests\test_ai_coordinator.py:334: in test_concept_breakdown_explanation
    explanation = await coordinator.generate_explanation(
app\services\ai_coordinator.py:365: in generate_explanation
    content = await self.llm.generate(
app\services\llm_service.py:218: in generate
    raise HTTPException(status_code=503, detail="AI_SERVICE_UNAVAILABLE")
E   fastapi.exceptions.HTTPException: 503: AI_SERVICE_UNAVAILABLE
---------------------------- Captured stderr call -----------------------------
{"timestamp": "2026-03-22 10:23:43,431", "level": "INFO", "message": "WhisperService initialized with model: base", "name": "app.services.ai_coordinator"}
{"timestamp": "2026-03-22 10:23:43,432", "level": "ERROR", "message": "LLM error in generate: 'LLMService' object has no attribute 'model'", "name": "app.services.llm_service", "exception": "Traceback (most recent call last):\n  File \"C:\\Users\\Tommie-YV\\edunexus\\backend\\app\\services\\llm_service.py\", line 160, in generate\n    if use_model == \"llama-3.1-8b-instant\" or use_model == self.model:\n                                                           ^^^^^^^^^^\nAttributeError: 'LLMService' object has no attribute 'model'"}
------------------------------ Captured log call ------------------------------
INFO     app.services.ai_coordinator:ai_coordinator.py:106 WhisperService initialized with model: base
ERROR    app.services.llm_service:llm_service.py:217 LLM error in generate: 'LLMService' object has no attribute 'model'
Traceback (most recent call last):
  File "C:\Users\Tommie-YV\edunexus\backend\app\services\llm_service.py", line 160, in generate
    if use_model == "llama-3.1-8b-instant" or use_model == self.model:
                                                           ^^^^^^^^^^
AttributeError: 'LLMService' object has no attribute 'model'
________________ TestExplanationTypes.test_analogy_explanation ________________
app\services\llm_service.py:160: in generate
    if use_model == "llama-3.1-8b-instant" or use_model == self.model:
                                                           ^^^^^^^^^^
E   AttributeError: 'LLMService' object has no attribute 'model'

During handling of the above exception, another exception occurred:
tests\test_ai_coordinator.py:347: in test_analogy_explanation
    explanation = await coordinator.generate_explanation(
app\services\ai_coordinator.py:365: in generate_explanation
    content = await self.llm.generate(
app\services\llm_service.py:218: in generate
    raise HTTPException(status_code=503, detail="AI_SERVICE_UNAVAILABLE")
E   fastapi.exceptions.HTTPException: 503: AI_SERVICE_UNAVAILABLE
---------------------------- Captured stderr call -----------------------------
{"timestamp": "2026-03-22 10:23:43,632", "level": "INFO", "message": "WhisperService initialized with model: base", "name": "app.services.ai_coordinator"}
{"timestamp": "2026-03-22 10:23:43,633", "level": "ERROR", "message": "LLM error in generate: 'LLMService' object has no attribute 'model'", "name": "app.services.llm_service", "exception": "Traceback (most recent call last):\n  File \"C:\\Users\\Tommie-YV\\edunexus\\backend\\app\\services\\llm_service.py\", line 160, in generate\n    if use_model == \"llama-3.1-8b-instant\" or use_model == self.model:\n                                                           ^^^^^^^^^^\nAttributeError: 'LLMService' object has no attribute 'model'"}
------------------------------ Captured log call ------------------------------
INFO     app.services.ai_coordinator:ai_coordinator.py:106 WhisperService initialized with model: base
ERROR    app.services.llm_service:llm_service.py:217 LLM error in generate: 'LLMService' object has no attribute 'model'
Traceback (most recent call last):
  File "C:\Users\Tommie-YV\edunexus\backend\app\services\llm_service.py", line 160, in generate
    if use_model == "llama-3.1-8b-instant" or use_model == self.model:
                                                           ^^^^^^^^^^
AttributeError: 'LLMService' object has no attribute 'model'
______________ TestExplanationTypes.test_simplified_explanation _______________
app\services\llm_service.py:160: in generate
    if use_model == "llama-3.1-8b-instant" or use_model == self.model:
                                                           ^^^^^^^^^^
E   AttributeError: 'LLMService' object has no attribute 'model'

During handling of the above exception, another exception occurred:
tests\test_ai_coordinator.py:359: in test_simplified_explanation
    explanation = await coordinator.generate_explanation(
app\services\ai_coordinator.py:365: in generate_explanation
    content = await self.llm.generate(
app\services\llm_service.py:218: in generate
    raise HTTPException(status_code=503, detail="AI_SERVICE_UNAVAILABLE")
E   fastapi.exceptions.HTTPException: 503: AI_SERVICE_UNAVAILABLE
---------------------------- Captured stderr call -----------------------------
{"timestamp": "2026-03-22 10:23:43,787", "level": "INFO", "message": "WhisperService initialized with model: base", "name": "app.services.ai_coordinator"}
{"timestamp": "2026-03-22 10:23:43,788", "level": "ERROR", "message": "LLM error in generate: 'LLMService' object has no attribute 'model'", "name": "app.services.llm_service", "exception": "Traceback (most recent call last):\n  File \"C:\\Users\\Tommie-YV\\edunexus\\backend\\app\\services\\llm_service.py\", line 160, in generate\n    if use_model == \"llama-3.1-8b-instant\" or use_model == self.model:\n                                                           ^^^^^^^^^^\nAttributeError: 'LLMService' object has no attribute 'model'"}
------------------------------ Captured log call ------------------------------
INFO     app.services.ai_coordinator:ai_coordinator.py:106 WhisperService initialized with model: base
ERROR    app.services.llm_service:llm_service.py:217 LLM error in generate: 'LLMService' object has no attribute 'model'
Traceback (most recent call last):
  File "C:\Users\Tommie-YV\edunexus\backend\app\services\llm_service.py", line 160, in generate
    if use_model == "llama-3.1-8b-instant" or use_model == self.model:
                                                           ^^^^^^^^^^
AttributeError: 'LLMService' object has no attribute 'model'
============================== warnings summary ===============================
app\core\config.py:6
  C:\Users\Tommie-YV\edunexus\backend\app\core\config.py:6: PydanticDeprecatedSince20: Support for class-based `config` is deprecated, use ConfigDict instead. Deprecated in Pydantic V2.0 to be removed in V3.0. See Pydantic V2 Migration Guide at https://errors.pydantic.dev/2.12/migration/
    class Settings(BaseSettings):

app\api\v1\endpoints\auth.py:101
  C:\Users\Tommie-YV\edunexus\backend\app\api\v1\endpoints\auth.py:101: PydanticDeprecatedSince20: Support for class-based `config` is deprecated, use ConfigDict instead. Deprecated in Pydantic V2.0 to be removed in V3.0. See Pydantic V2 Migration Guide at https://errors.pydantic.dev/2.12/migration/
    class UserResponse(BaseModel):

app\api\v1\endpoints\students.py:81
  C:\Users\Tommie-YV\edunexus\backend\app\api\v1\endpoints\students.py:81: PydanticDeprecatedSince20: Support for class-based `config` is deprecated, use ConfigDict instead. Deprecated in Pydantic V2.0 to be removed in V3.0. See Pydantic V2 Migration Guide at https://errors.pydantic.dev/2.12/migration/
    class TopicRequestResponse(BaseModel):

..\..\AppData\Roaming\Python\Python314\site-packages\slowapi\extension.py:717: 10 warnings
  C:\Users\Tommie-YV\AppData\Roaming\Python\Python314\site-packages\slowapi\extension.py:717: DeprecationWarning: 'asyncio.iscoroutinefunction' is deprecated and slated for removal in Python 3.16; use inspect.iscoroutinefunction() instead
    if asyncio.iscoroutinefunction(func):

app\api\v1\endpoints\teachers.py:52
  C:\Users\Tommie-YV\edunexus\backend\app\api\v1\endpoints\teachers.py:52: PydanticDeprecatedSince20: Support for class-based `config` is deprecated, use ConfigDict instead. Deprecated in Pydantic V2.0 to be removed in V3.0. See Pydantic V2 Migration Guide at https://errors.pydantic.dev/2.12/migration/
    class StudentResponse(BaseModel):

app\api\v1\endpoints\materials.py:65
  C:\Users\Tommie-YV\edunexus\backend\app\api\v1\endpoints\materials.py:65: PydanticDeprecatedSince20: Support for class-based `config` is deprecated, use ConfigDict instead. Deprecated in Pydantic V2.0 to be removed in V3.0. See Pydantic V2 Migration Guide at https://errors.pydantic.dev/2.12/migration/
    class MaterialResponse(BaseModel):

app\api\v1\endpoints\admin.py:31
  C:\Users\Tommie-YV\edunexus\backend\app\api\v1\endpoints\admin.py:31: PydanticDeprecatedSince20: Support for class-based `config` is deprecated, use ConfigDict instead. Deprecated in Pydantic V2.0 to be removed in V3.0. See Pydantic V2 Migration Guide at https://errors.pydantic.dev/2.12/migration/
    class UserListResponse(BaseModel):

tests/test_ai_coordinator.py::TestAICoordinator::test_process_teacher_speech_with_explanation
tests/test_ai_coordinator.py::TestAICoordinator::test_process_teacher_speech_stt_disabled
tests/test_ai_coordinator.py::TestAICoordinator::test_generate_explanation
tests/test_ai_coordinator.py::TestAICoordinator::test_generate_explanation_with_personalization
tests/test_ai_coordinator.py::TestAICoordinator::test_analyze_complexity
tests/test_ai_coordinator.py::TestAICoordinator::test_suggest_videos
tests/test_ai_coordinator.py::TestAICoordinator::test_build_explanation_prompt
  C:\Users\Tommie-YV\edunexus\backend\tests\test_ai_coordinator.py:145: PydanticDeprecatedSince20: The `dict` method is deprecated; use `model_dump` instead. Deprecated in Pydantic V2.0 to be removed in V3.0. See Pydantic V2 Migration Guide at https://errors.pydantic.dev/2.12/migration/
    ).dict()

tests/test_ai_coordinator.py::TestAICoordinator::test_process_teacher_speech_stt_disabled
  C:\Users\Tommie-YV\edunexus\backend\tests\test_ai_coordinator.py:188: PydanticDeprecatedSince20: The `dict` method is deprecated; use `model_dump` instead. Deprecated in Pydantic V2.0 to be removed in V3.0. See Pydantic V2 Migration Guide at https://errors.pydantic.dev/2.12/migration/
    ).dict()

tests/test_ai_coordinator.py::TestExplanationTypes::test_concept_breakdown_explanation
tests/test_ai_coordinator.py::TestExplanationTypes::test_analogy_explanation
tests/test_ai_coordinator.py::TestExplanationTypes::test_simplified_explanation
  C:\Users\Tommie-YV\edunexus\backend\tests\test_ai_coordinator.py:322: PydanticDeprecatedSince20: The `dict` method is deprecated; use `model_dump` instead. Deprecated in Pydantic V2.0 to be removed in V3.0. See Pydantic V2 Migration Guide at https://errors.pydantic.dev/2.12/migration/
    session.ai_config = AIConfigModel(llm_enabled=True).dict()

-- Docs: https://docs.pytest.org/en/stable/how-to/capture-warnings.html
=============================== tests coverage ================================
_______________ coverage: platform win32, python 3.14.2-final-0 _______________

Name                                       Stmts   Miss  Cover   Missing
------------------------------------------------------------------------
app\api\v1\endpoints\admin.py                337    271    20%   64-69, 87-120, 133-227, 241-296, 315-354, 373-401, 419-448, 465-483, 499-521, 538-580, 594-645, 664-690, 720-755, 779-852, 871-888, 910-938
app\api\v1\endpoints\ai.py                   358    265    26%   36-45, 50-60, 64-72, 76-79, 168-182, 196-253, 269-289, 304-342, 353-359, 371-379, 392-410, 425-446, 461-555, 569-682, 693-744, 754-773, 779, 801
app\api\v1\endpoints\ai_coordinator.py       288    246    15%   56-90, 107-157, 176-226, 242-280, 295-332, 349-386, 403-452, 470-503, 518-590, 601, 655-736
app\api\v1\endpoints\assessments.py          102     71    30%   41-53, 74-93, 107-123, 139-181, 196-260
app\api\v1\endpoints\auth.py                 316    221    30%   30-32, 47-50, 119-196, 215-298, 318-407, 425-497, 514-548, 554-556, 564-589, 597-612, 619-623, 630-634, 641-645, 664, 674-678, 684-733, 747-770, 779-788
app\api\v1\endpoints\materials.py            277    216    22%   97-122, 150-316, 332-377, 394-429, 470-526, 539-567, 602-659, 672-709, 723-756, 775-807
app\api\v1\endpoints\messages.py              78     52    33%   32-97, 107-134, 143-160, 169-180
app\api\v1\endpoints\notifications.py         36     18    50%   23-32, 41-60, 68-79
app\api\v1\endpoints\proctoring.py            19      2    89%   31, 42
app\api\v1\endpoints\rag.py                  121     84    31%   57-103, 127-163, 170-179, 192-267, 281-342, 363-398, 411-424
app\api\v1\endpoints\readings.py              40     24    40%   31-95
app\api\v1\endpoints\reports.py              109     78    28%   41-86, 96-99, 110-138, 162-175, 183-248
app\api\v1\endpoints\sessions.py             489    403    18%   51-75, 111-133, 148-169, 182-199, 212-236, 249-273, 286-309, 322-343, 356-377, 394-422, 432-455, 468-477, 491-512, 521-533, 542-555, 564-579, 593-607, 620-632, 646-663, 677-695, 705-711, 722-753, 772-842, 857-964, 986-1016, 1047-1061
app\api\v1\endpoints\student_progress.py     143    106    26%   42-53, 77-94, 122-192, 203-234, 264-274, 297-309, 344-380, 394-420
app\api\v1\endpoints\students.py             439    354    19%   40-45, 102-107, 115-140, 178-192, 207-301, 320-358, 371-410, 420-504, 513-527, 537-630, 641-668, 674-717, 728-758, 781-865, 891-936, 948-976, 1006-1052, 1065-1096, 1112-1175, 1187-1232, 1249-1282
app\api\v1\endpoints\subjects.py             158    114    28%   59-101, 125-248, 263-279, 309-322, 344-376, 387-452
app\api\v1\endpoints\teacher_students.py     115     81    30%   23-25, 47-77, 91-109, 125-176, 195-237, 247-265, 275-301
app\api\v1\endpoints\teachers.py             242    188    22%   74-79, 95-190, 211-300, 323-355, 377-469, 482-519, 547-574, 592-645, 685-725, 749-801
app\api\v1\endpoints\test_email.py            15      7    53%   16-35
app\api\v1\endpoints\users.py                102     67    34%   48-92, 125-212
app\api\v1\endpoints\videos.py                 8      2    75%   18-19
app\api\v1\router.py                          24      0   100%
app\constants.py                               1      0   100%
app\core\config.py                            69      0   100%
app\core\limiter.py                            3      0   100%
app\core\security.py                           6      2    67%   9, 13
app\db\database.py                            21      7    67%   35-40, 47
app\main.py                                  114     48    58%   27, 29, 31, 33, 35, 37, 56-64, 70-93, 108-125, 133-134, 144-153, 178, 194-199, 214-216
app\middleware\__init__.py                     0      0   100%
app\middleware\logging_middleware.py          22     13    41%   12-48
app\migrate_pg.py                             28     28     0%   1-36
app\models\assessment.py                      44      0   100%
app\models\junction_tables.py                 17      0   100%
app\models\message.py                         19      1    95%   26
app\models\notification.py                    19      1    95%   30
app\models\rag_models.py                      20      1    95%   38
app\models\report.py                          29      0   100%
app\models\session.py                        114      1    99%   123
app\models\student.py                         69      0   100%
app\models\student_progress.py                70      0   100%
app\models\subject.py                         62      0   100%
app\models\teacher_student_link.py            16      0   100%
app\models\token_usage.py                     15      0   100%
app\models\user.py                           143      0   100%
app\services\age_content_service.py           83     73    12%   7-11, 16-25, 30-53, 58-120, 125-139, 144-149, 154-169, 179-215
app\services\ai_coordinator.py               172     74    57%   53-69, 72, 134-136, 143, 160, 183, 212-214, 266, 288-317, 371-406, 435-439, 576-587, 618-626, 637-645, 654-655, 661-662
app\services\ai_service.py                    75     54    28%   25-53, 57-65, 81-106, 114-135
app\services\assignment_generator.py         173    128    26%   60-71, 74, 110-126, 129, 175-240, 247-271, 277-292, 309-325, 336, 358-404, 419-491, 501-529, 533-550, 562-596
app\services\chart_generator.py              196    165    16%   23-35, 40-78, 83-132, 137-207, 214-245, 252-292, 299-334, 341-385, 392-446
app\services\email_service.py                 71     44    38%   30-56, 60, 64-111, 115-155, 160-217
app\services\engagement_tracker.py           222    141    36%   80, 101-110, 114-123, 155-158, 186-189, 215-217, 221-231, 240-249, 269-312, 319-348, 359-384, 396-400, 413-425, 434-435, 444-445, 451-518, 522-536, 540-549, 557-559, 563
app\services\gamification.py                  42     34    19%   12-43, 50-66, 73-81
app\services\livekit_service.py              131    101    23%   15-17, 36, 40-41, 45-48, 69-102, 119-152, 175-208, 220-231, 243-252, 268-279, 292-303, 315-337, 349-371
app\services\llm_service.py                  267    193    28%   33-37, 44-45, 49-50, 56-58, 61-62, 65-79, 101, 111-139, 153-154, 161, 177, 182-199, 209, 225-227, 241-267, 278-343, 347-356, 367-408, 422-438, 449-472, 482-507, 525-582, 593-623, 633-677
app\services\parsing_service.py               58     34    41%   23-28, 32-37, 43-86, 93-94, 98, 104-109
app\services\report_email_service.py         309    275    11%   45-90, 98-151, 155-196, 202-225, 246-289, 306-335, 350-412, 429-1015, 1032-1115
app\services\report_service.py               234    217     7%   24-39, 49-576, 585-596
app\services\session_manager.py              458    409    11%   36-37, 45-130, 140-204, 215-294, 299-307, 311-325, 329-343, 347-381, 385-412, 418-499, 505-531, 537-543, 547, 551-579, 589-605, 615-637, 641-654, 658-670, 676-696, 702-722, 726-738, 746-759, 769-831, 841-845, 849-850, 854-861, 867-894, 898-904, 908-914, 918-924, 928-941
app\services\storage_service.py               55     39    29%   23-30, 34-57, 61-64, 68-84, 88-98
app\services\video_service.py                137    120    12%   23-49, 59-76, 84-112, 119-127, 139-165, 179-303
app\services\websocket_manager.py            223    152    32%   75-81, 84, 97, 101-102, 124-131, 135-139, 143-147, 154-158, 162-168, 172-181, 185-205, 209-219, 223-225, 229-233, 237, 250, 268-271, 275-277, 300-348, 352-379, 395-555, 569-570, 585-586, 602-603, 617-618, 628-629
app\utils\validators.py                       58     38    34%   35-40, 45-46, 51-52, 60-78, 92-108, 114, 119, 131-141
------------------------------------------------------------------------
TOTAL                                       7681   5263    31%
FAIL Required test coverage of 40% not reached. Total coverage: 31.48%
=========================== short test summary info ===========================
FAILED tests/test_ai_coordinator.py::TestGroqService::test_generate_simple_prompt - fastapi.exceptions.HTTPException: 503: AI_SERVICE_UNAVAILABLE
FAILED tests/test_ai_coordinator.py::TestGroqService::test_generate_with_system_prompt - fastapi.exceptions.HTTPException: 503: AI_SERVICE_UNAVAILABLE
FAILED tests/test_ai_coordinator.py::TestGroqService::test_generate_with_parameters - fastapi.exceptions.HTTPException: 503: AI_SERVICE_UNAVAILABLE
FAILED tests/test_ai_coordinator.py::TestYouTubeService::test_search_videos - assert 0 == 3
 +  where 0 = len([])
FAILED tests/test_ai_coordinator.py::TestAICoordinator::test_process_teacher_speech_with_explanation - fastapi.exceptions.HTTPException: 503: AI_SERVICE_UNAVAILABLE
FAILED tests/test_ai_coordinator.py::TestAICoordinator::test_generate_explanation - fastapi.exceptions.HTTPException: 503: AI_SERVICE_UNAVAILABLE
FAILED tests/test_ai_coordinator.py::TestAICoordinator::test_generate_explanation_with_personalization - fastapi.exceptions.HTTPException: 503: AI_SERVICE_UNAVAILABLE
FAILED tests/test_ai_coordinator.py::TestAICoordinator::test_analyze_complexity - fastapi.exceptions.HTTPException: 503: AI_SERVICE_UNAVAILABLE
FAILED tests/test_ai_coordinator.py::TestAICoordinator::test_suggest_videos - assert 0 > 0
 +  where 0 = len([])
FAILED tests/test_ai_coordinator.py::TestExplanationTypes::test_concept_breakdown_explanation - fastapi.exceptions.HTTPException: 503: AI_SERVICE_UNAVAILABLE
FAILED tests/test_ai_coordinator.py::TestExplanationTypes::test_analogy_explanation - fastapi.exceptions.HTTPException: 503: AI_SERVICE_UNAVAILABLE
FAILED tests/test_ai_coordinator.py::TestExplanationTypes::test_simplified_explanation - fastapi.exceptions.HTTPException: 503: AI_SERVICE_UNAVAILABLE
================= 12 failed, 5 passed, 27 warnings in 53.71s ==================
